TN:
SF:app.js
FN:26,(anonymous_0)
FN:29,(anonymous_1)
FN:38,(anonymous_2)
FN:52,(anonymous_3)
FN:90,(anonymous_4)
FN:100,(anonymous_5)
FN:131,(anonymous_6)
FN:148,(anonymous_7)
FN:188,(anonymous_8)
FN:201,(anonymous_9)
FN:232,(anonymous_10)
FN:277,(anonymous_11)
FN:287,(anonymous_12)
FN:315,(anonymous_13)
FN:337,(anonymous_14)
FN:350,(anonymous_15)
FN:389,(anonymous_16)
FN:424,(anonymous_17)
FN:437,(anonymous_18)
FN:468,(anonymous_19)
FN:485,(anonymous_20)
FN:498,(anonymous_21)
FN:515,(anonymous_22)
FN:553,(anonymous_23)
FNF:24
FNH:15
FNDA:12,(anonymous_0)
FNDA:12,(anonymous_1)
FNDA:2,(anonymous_2)
FNDA:12,(anonymous_3)
FNDA:0,(anonymous_4)
FNDA:2,(anonymous_5)
FNDA:2,(anonymous_6)
FNDA:2,(anonymous_7)
FNDA:2,(anonymous_8)
FNDA:0,(anonymous_9)
FNDA:2,(anonymous_10)
FNDA:2,(anonymous_11)
FNDA:0,(anonymous_12)
FNDA:2,(anonymous_13)
FNDA:2,(anonymous_14)
FNDA:0,(anonymous_15)
FNDA:11,(anonymous_16)
FNDA:0,(anonymous_17)
FNDA:0,(anonymous_18)
FNDA:0,(anonymous_19)
FNDA:0,(anonymous_20)
FNDA:0,(anonymous_21)
FNDA:3,(anonymous_22)
FNDA:18,(anonymous_23)
DA:1,3
DA:2,3
DA:3,3
DA:4,3
DA:5,3
DA:6,3
DA:7,3
DA:8,3
DA:10,3
DA:11,3
DA:12,3
DA:13,3
DA:14,3
DA:15,3
DA:17,3
DA:18,3
DA:21,3
DA:23,3
DA:25,3
DA:27,12
DA:30,12
DA:34,3
DA:38,3
DA:43,2
DA:44,2
DA:45,2
DA:47,0
DA:52,3
DA:60,12
DA:61,12
DA:63,12
DA:65,12
DA:67,12
DA:68,12
DA:70,12
DA:72,12
DA:74,12
DA:81,12
DA:82,12
DA:84,0
DA:85,0
DA:90,3
DA:95,0
DA:96,0
DA:100,3
DA:108,2
DA:109,2
DA:111,2
DA:112,0
DA:115,2
DA:116,2
DA:119,2
DA:120,0
DA:123,2
DA:124,2
DA:126,0
DA:131,3
DA:139,2
DA:140,2
DA:141,2
DA:143,0
DA:148,3
DA:156,2
DA:157,2
DA:159,2
DA:160,0
DA:161,0
DA:164,2
DA:166,2
DA:172,2
DA:174,2
DA:180,2
DA:183,0
DA:188,3
DA:196,2
DA:197,2
DA:201,3
DA:209,0
DA:211,0
DA:212,0
DA:214,0
DA:216,0
DA:217,0
DA:219,0
DA:220,0
DA:221,0
DA:223,0
DA:227,0
DA:232,3
DA:240,2
DA:242,2
DA:244,2
DA:245,0
DA:246,0
DA:249,2
DA:250,2
DA:252,2
DA:254,2
DA:255,0
DA:258,2
DA:264,2
DA:266,2
DA:268,2
DA:272,0
DA:277,3
DA:282,2
DA:283,2
DA:287,3
DA:295,0
DA:297,0
DA:299,0
DA:301,0
DA:303,0
DA:304,0
DA:305,0
DA:307,0
DA:310,0
DA:315,3
DA:320,2
DA:322,2
DA:323,0
DA:324,0
DA:327,2
DA:329,2
DA:331,2
DA:333,2
DA:337,3
DA:345,2
DA:346,2
DA:350,3
DA:355,0
DA:357,0
DA:359,0
DA:360,0
DA:361,0
DA:364,0
DA:366,0
DA:368,0
DA:369,0
DA:372,0
DA:374,0
DA:381,0
DA:384,0
DA:389,3
DA:394,11
DA:395,11
DA:397,11
DA:399,11
DA:400,0
DA:401,0
DA:404,11
DA:406,10
DA:408,10
DA:410,10
DA:412,10
DA:415,0
DA:419,1
DA:424,3
DA:432,0
DA:433,0
DA:437,3
DA:445,0
DA:446,0
DA:448,0
DA:449,0
DA:452,0
DA:453,0
DA:456,0
DA:457,0
DA:460,0
DA:461,0
DA:463,0
DA:468,3
DA:476,0
DA:477,0
DA:478,0
DA:480,0
DA:485,3
DA:493,0
DA:494,0
DA:498,3
DA:506,0
DA:507,0
DA:508,0
DA:510,0
DA:515,3
DA:520,3
DA:521,3
DA:523,3
DA:525,3
DA:526,0
DA:527,0
DA:530,3
DA:532,3
DA:533,0
DA:536,3
DA:538,3
DA:545,3
DA:548,0
DA:553,3
DA:558,18
DA:559,18
DA:561,18
DA:563,18
DA:564,3
DA:565,3
DA:568,15
DA:570,15
DA:572,12
DA:574,12
DA:576,12
DA:578,3
DA:580,0
DA:585,3
LF:214
LH:132
BRDA:63,0,0,0
BRDA:63,0,1,12
BRDA:76,1,0,12
BRDA:76,1,1,0
BRDA:76,2,0,0
BRDA:76,2,1,0
BRDA:111,3,0,0
BRDA:111,3,1,2
BRDA:115,4,0,2
BRDA:115,4,1,0
BRDA:119,5,0,0
BRDA:119,5,1,2
BRDA:159,6,0,0
BRDA:159,6,1,2
BRDA:219,7,0,0
BRDA:219,7,1,0
BRDA:244,8,0,0
BRDA:244,8,1,2
BRDA:254,9,0,0
BRDA:254,9,1,2
BRDA:303,10,0,0
BRDA:303,10,1,0
BRDA:322,11,0,0
BRDA:322,11,1,2
BRDA:359,12,0,0
BRDA:359,12,1,0
BRDA:368,13,0,0
BRDA:368,13,1,0
BRDA:399,14,0,0
BRDA:399,14,1,11
BRDA:399,15,0,11
BRDA:399,15,1,11
BRDA:406,16,0,10
BRDA:406,16,1,0
BRDA:406,17,0,10
BRDA:406,17,1,10
BRDA:448,18,0,0
BRDA:448,18,1,0
BRDA:452,19,0,0
BRDA:452,19,1,0
BRDA:456,20,0,0
BRDA:456,20,1,0
BRDA:525,21,0,0
BRDA:525,21,1,3
BRDA:532,22,0,0
BRDA:532,22,1,3
BRDA:563,23,0,3
BRDA:563,23,1,15
BRDA:563,24,0,18
BRDA:563,24,1,18
BRDA:570,25,0,12
BRDA:570,25,1,3
BRDA:570,26,0,15
BRDA:570,26,1,12
BRF:54
BRH:25
end_of_record
TN:
SF:server.js
FN:19,(anonymous_0)
FN:22,(anonymous_1)
FN:38,(anonymous_2)
FN:42,(anonymous_3)
FNF:4
FNH:2
FNDA:3,(anonymous_0)
FNDA:0,(anonymous_1)
FNDA:0,(anonymous_2)
FNDA:3,(anonymous_3)
DA:1,3
DA:2,3
DA:3,3
DA:4,3
DA:5,3
DA:6,3
DA:7,3
DA:9,3
DA:11,3
DA:13,3
DA:15,3
DA:17,3
DA:18,3
DA:20,3
DA:23,0
DA:24,0
DA:25,0
DA:28,3
DA:30,3
DA:32,3
DA:34,3
DA:37,3
DA:38,3
DA:39,0
DA:42,3
DA:43,3
DA:46,3
DA:48,0
LF:28
LH:23
BRDA:13,0,0,3
BRDA:13,0,1,0
BRF:2
BRH:1
end_of_record
TN:
SF:swagger.js
FNF:0
FNH:0
DA:1,3
DA:2,3
DA:3,3
DA:5,3
DA:35,3
DA:37,3
LF:6
LH:6
BRF:0
BRH:0
end_of_record
TN:
SF:middleware/auth.js
FN:6,(anonymous_0)
FNF:1
FNH:1
FNDA:18,(anonymous_0)
DA:1,3
DA:2,3
DA:4,3
DA:6,3
DA:7,18
DA:9,18
DA:11,18
DA:12,18
DA:13,18
DA:15,18
DA:17,18
DA:18,18
DA:20,0
DA:24,3
LF:14
LH:13
BRDA:9,0,0,0
BRDA:9,0,1,18
BRDA:15,1,0,0
BRDA:15,1,1,18
BRF:4
BRH:2
end_of_record
TN:
SF:middleware/cAuth.js
FN:6,(anonymous_0)
FNF:1
FNH:1
FNDA:4,(anonymous_0)
DA:1,3
DA:2,3
DA:4,3
DA:6,3
DA:7,4
DA:9,4
DA:11,4
DA:12,4
DA:13,4
DA:15,4
DA:17,4
DA:18,4
DA:20,0
DA:24,3
LF:14
LH:13
BRDA:9,0,0,0
BRDA:9,0,1,4
BRDA:15,1,0,0
BRDA:15,1,1,4
BRF:4
BRH:2
end_of_record
TN:
SF:middleware/validator.js
FN:3,(anonymous_0)
FN:3,(anonymous_1)
FNF:2
FNH:2
FNDA:18,(anonymous_0)
FNDA:50,(anonymous_1)
DA:1,3
DA:3,50
DA:5,3
DA:12,3
DA:14,3
DA:19,3
DA:21,3
DA:27,3
DA:29,3
DA:35,3
DA:37,3
DA:41,3
DA:43,3
DA:47,3
LF:14
LH:14
BRF:0
BRH:0
end_of_record
TN:
SF:models/adminModel.js
FNF:0
FNH:0
DA:1,3
DA:3,3
DA:11,3
LF:3
LH:3
BRF:0
BRH:0
end_of_record
TN:
SF:models/articleModel.js
FNF:0
FNH:0
DA:1,3
DA:3,3
DA:12,3
LF:3
LH:3
BRF:0
BRH:0
end_of_record
TN:
SF:models/commentModel.js
FNF:0
FNH:0
DA:1,3
DA:3,3
DA:9,3
LF:3
LH:3
BRF:0
BRH:0
end_of_record
TN:
SF:models/likeModel.js
FNF:0
FNH:0
DA:1,3
DA:3,3
DA:9,3
LF:3
LH:3
BRF:0
BRH:0
end_of_record
TN:
SF:models/queryModel.js
FNF:0
FNH:0
DA:1,3
DA:3,3
DA:9,3
LF:3
LH:3
BRF:0
BRH:0
end_of_record
TN:
SF:models/userModel.js
FNF:0
FNH:0
DA:1,3
DA:3,3
DA:11,3
LF:3
LH:3
BRF:0
BRH:0
end_of_record
