TN:
SF:app.js
FN:26,(anonymous_0)
FN:29,(anonymous_1)
FN:38,(anonymous_2)
FN:52,(anonymous_3)
FN:85,(anonymous_4)
FN:95,(anonymous_5)
FN:126,(anonymous_6)
FN:143,(anonymous_7)
FN:183,(anonymous_8)
FN:196,(anonymous_9)
FN:227,(anonymous_10)
FN:272,(anonymous_11)
FN:282,(anonymous_12)
FN:310,(anonymous_13)
FN:332,(anonymous_14)
FN:345,(anonymous_15)
FN:384,(anonymous_16)
FN:418,(anonymous_17)
FN:431,(anonymous_18)
FN:462,(anonymous_19)
FN:479,(anonymous_20)
FN:492,(anonymous_21)
FN:509,(anonymous_22)
FN:547,(anonymous_23)
FNF:24
FNH:21
FNDA:5,(anonymous_0)
FNDA:5,(anonymous_1)
FNDA:1,(anonymous_2)
FNDA:5,(anonymous_3)
FNDA:0,(anonymous_4)
FNDA:1,(anonymous_5)
FNDA:1,(anonymous_6)
FNDA:1,(anonymous_7)
FNDA:1,(anonymous_8)
FNDA:0,(anonymous_9)
FNDA:1,(anonymous_10)
FNDA:1,(anonymous_11)
FNDA:0,(anonymous_12)
FNDA:1,(anonymous_13)
FNDA:1,(anonymous_14)
FNDA:1,(anonymous_15)
FNDA:8,(anonymous_16)
FNDA:1,(anonymous_17)
FNDA:1,(anonymous_18)
FNDA:1,(anonymous_19)
FNDA:1,(anonymous_20)
FNDA:1,(anonymous_21)
FNDA:1,(anonymous_22)
FNDA:6,(anonymous_23)
DA:1,1
DA:2,1
DA:3,1
DA:4,1
DA:5,1
DA:6,1
DA:7,1
DA:8,1
DA:10,1
DA:11,1
DA:12,1
DA:13,1
DA:14,1
DA:15,1
DA:17,1
DA:18,1
DA:21,1
DA:23,1
DA:25,1
DA:27,5
DA:30,5
DA:34,1
DA:38,1
DA:43,1
DA:44,1
DA:45,1
DA:47,0
DA:52,1
DA:60,5
DA:61,5
DA:63,5
DA:65,5
DA:67,5
DA:69,5
DA:76,5
DA:77,5
DA:79,0
DA:80,0
DA:85,1
DA:90,0
DA:91,0
DA:95,1
DA:103,1
DA:104,1
DA:106,1
DA:107,0
DA:110,1
DA:111,1
DA:114,1
DA:115,0
DA:118,1
DA:119,1
DA:121,0
DA:126,1
DA:134,1
DA:135,1
DA:136,1
DA:138,0
DA:143,1
DA:151,1
DA:152,1
DA:154,1
DA:155,0
DA:156,0
DA:159,1
DA:161,1
DA:167,1
DA:169,1
DA:175,1
DA:178,0
DA:183,1
DA:191,1
DA:192,1
DA:196,1
DA:204,0
DA:206,0
DA:207,0
DA:209,0
DA:211,0
DA:212,0
DA:214,0
DA:215,0
DA:216,0
DA:218,0
DA:222,0
DA:227,1
DA:235,1
DA:237,1
DA:239,1
DA:240,0
DA:241,0
DA:244,1
DA:245,1
DA:247,1
DA:249,1
DA:250,0
DA:253,1
DA:259,1
DA:261,1
DA:263,1
DA:267,0
DA:272,1
DA:277,1
DA:278,1
DA:282,1
DA:290,0
DA:292,0
DA:294,0
DA:296,0
DA:298,0
DA:299,0
DA:300,0
DA:302,0
DA:305,0
DA:310,1
DA:315,1
DA:317,1
DA:318,0
DA:319,0
DA:322,1
DA:324,1
DA:326,1
DA:328,1
DA:332,1
DA:340,1
DA:341,1
DA:345,1
DA:350,1
DA:352,1
DA:354,1
DA:355,0
DA:356,0
DA:359,1
DA:361,1
DA:363,1
DA:364,0
DA:367,1
DA:369,1
DA:376,1
DA:379,0
DA:384,1
DA:389,8
DA:390,8
DA:392,8
DA:394,8
DA:395,1
DA:396,1
DA:399,7
DA:401,7
DA:403,6
DA:405,6
DA:407,6
DA:409,1
DA:413,0
DA:418,1
DA:426,1
DA:427,1
DA:431,1
DA:439,1
DA:440,1
DA:442,1
DA:443,0
DA:446,1
DA:447,1
DA:450,1
DA:451,0
DA:454,1
DA:455,1
DA:457,0
DA:462,1
DA:470,1
DA:471,1
DA:472,1
DA:474,0
DA:479,1
DA:487,1
DA:488,1
DA:492,1
DA:500,1
DA:501,1
DA:502,1
DA:504,0
DA:509,1
DA:514,1
DA:515,1
DA:517,1
DA:519,1
DA:520,0
DA:521,0
DA:524,1
DA:526,1
DA:527,0
DA:530,1
DA:532,1
DA:540,1
DA:542,0
DA:547,1
DA:552,6
DA:553,6
DA:555,6
DA:557,6
DA:558,1
DA:559,1
DA:562,5
DA:564,5
DA:566,4
DA:568,4
DA:570,4
DA:572,1
DA:574,0
DA:579,1
LF:211
LH:158
BRDA:63,0,0,0
BRDA:63,0,1,5
BRDA:71,1,0,5
BRDA:71,1,1,0
BRDA:106,2,0,0
BRDA:106,2,1,1
BRDA:110,3,0,1
BRDA:110,3,1,0
BRDA:114,4,0,0
BRDA:114,4,1,1
BRDA:154,5,0,0
BRDA:154,5,1,1
BRDA:214,6,0,0
BRDA:214,6,1,0
BRDA:239,7,0,0
BRDA:239,7,1,1
BRDA:249,8,0,0
BRDA:249,8,1,1
BRDA:298,9,0,0
BRDA:298,9,1,0
BRDA:317,10,0,0
BRDA:317,10,1,1
BRDA:354,11,0,0
BRDA:354,11,1,1
BRDA:363,12,0,0
BRDA:363,12,1,1
BRDA:394,13,0,1
BRDA:394,13,1,7
BRDA:394,14,0,8
BRDA:394,14,1,8
BRDA:401,15,0,6
BRDA:401,15,1,1
BRDA:401,16,0,7
BRDA:401,16,1,6
BRDA:442,17,0,0
BRDA:442,17,1,1
BRDA:446,18,0,1
BRDA:446,18,1,0
BRDA:450,19,0,0
BRDA:450,19,1,1
BRDA:519,20,0,0
BRDA:519,20,1,1
BRDA:526,21,0,0
BRDA:526,21,1,1
BRDA:557,22,0,1
BRDA:557,22,1,5
BRDA:557,23,0,6
BRDA:557,23,1,6
BRDA:564,24,0,4
BRDA:564,24,1,1
BRDA:564,25,0,5
BRDA:564,25,1,4
BRF:52
BRH:32
end_of_record
TN:
SF:server.js
FN:12,(anonymous_0)
FN:15,(anonymous_1)
FN:29,(anonymous_2)
FN:33,(anonymous_3)
FNF:4
FNH:2
FNDA:1,(anonymous_0)
FNDA:0,(anonymous_1)
FNDA:0,(anonymous_2)
FNDA:1,(anonymous_3)
DA:1,1
DA:2,1
DA:3,1
DA:4,1
DA:5,1
DA:6,1
DA:8,1
DA:10,1
DA:11,1
DA:13,1
DA:16,0
DA:17,0
DA:18,0
DA:21,1
DA:23,1
DA:25,1
DA:28,1
DA:29,1
DA:30,0
DA:33,1
DA:34,1
DA:37,1
DA:39,0
LF:23
LH:18
BRF:0
BRH:0
end_of_record
TN:
SF:swagger.js
FNF:0
FNH:0
DA:1,1
DA:5,1
DA:36,1
DA:38,1
LF:4
LH:4
BRF:0
BRH:0
end_of_record
TN:
SF:coverage/block-navigation.js
FN:2,init
FN:24,toggleClass
FN:31,makeCurrent
FN:41,goToPrevious
FN:52,goToNext
FN:65,jump
FNF:6
FNH:0
FNDA:0,init
FNDA:0,toggleClass
FNDA:0,makeCurrent
FNDA:0,goToPrevious
FNDA:0,goToNext
FNDA:0,jump
DA:2,0
DA:4,0
DA:7,0
DA:10,0
DA:14,0
DA:20,0
DA:25,0
DA:28,0
DA:32,0
DA:33,0
DA:34,0
DA:42,0
DA:43,0
DA:44,0
DA:45,0
DA:46,0
DA:49,0
DA:53,0
DA:55,0
DA:59,0
DA:62,0
DA:65,0
DA:66,0
DA:71,0
DA:74,0
DA:77,0
DA:78,0
DA:82,0
DA:83,0
DA:87,0
LF:30
LH:0
BRDA:43,0,0,0
BRDA:43,0,1,0
BRDA:43,1,0,0
BRDA:43,1,1,0
BRDA:45,2,0,0
BRDA:45,2,1,0
BRDA:55,3,0,0
BRDA:55,3,1,0
BRDA:56,4,0,0
BRDA:56,4,1,0
BRDA:66,5,0,0
BRDA:66,5,1,0
BRDA:67,6,0,0
BRDA:67,6,1,0
BRDA:74,7,0,0
BRDA:74,7,1,0
BRDA:74,7,2,0
BRDA:74,7,3,0
BRDA:74,7,4,0
BRF:19
BRH:0
end_of_record
TN:
SF:coverage/prettify.js
FN:2,(anonymous_0)
FN:2,k
FN:2,ab
FN:2,T
FN:2,X
FN:2,(anonymous_5)
FN:2,W
FN:2,(anonymous_7)
FN:2,a
FN:2,aa
FN:2,B
FN:2,o
FN:2,g
FN:2,(anonymous_13)
FN:2,(anonymous_14)
FN:2,i
FN:2,Q
FN:2,ae
FN:2,ad
FN:2,ai
FN:2,D
FN:2,c
FN:2,q
FN:2,d
FN:2,y
FN:2,b
FN:2,Y
FN:2,(anonymous_27)
FN:2,U
FNF:29
FNH:0
FNDA:0,(anonymous_0)
FNDA:0,k
FNDA:0,ab
FNDA:0,T
FNDA:0,X
FNDA:0,(anonymous_5)
FNDA:0,W
FNDA:0,(anonymous_7)
FNDA:0,a
FNDA:0,aa
FNDA:0,B
FNDA:0,o
FNDA:0,g
FNDA:0,(anonymous_13)
FNDA:0,(anonymous_14)
FNDA:0,i
FNDA:0,Q
FNDA:0,ae
FNDA:0,ad
FNDA:0,ai
FNDA:0,D
FNDA:0,c
FNDA:0,q
FNDA:0,d
FNDA:0,y
FNDA:0,b
FNDA:0,Y
FNDA:0,(anonymous_27)
FNDA:0,U
DA:2,0
LF:1
LH:0
BRDA:2,0,0,0
BRDA:2,0,1,0
BRDA:2,1,0,0
BRDA:2,1,1,0
BRDA:2,2,0,0
BRDA:2,2,1,0
BRDA:2,3,0,0
BRDA:2,3,1,0
BRDA:2,4,0,0
BRDA:2,4,1,0
BRDA:2,5,0,0
BRDA:2,5,1,0
BRDA:2,6,0,0
BRDA:2,6,1,0
BRDA:2,7,0,0
BRDA:2,7,1,0
BRDA:2,8,0,0
BRDA:2,8,1,0
BRDA:2,9,0,0
BRDA:2,9,1,0
BRDA:2,10,0,0
BRDA:2,10,1,0
BRDA:2,11,0,0
BRDA:2,11,1,0
BRDA:2,11,2,0
BRDA:2,11,3,0
BRDA:2,12,0,0
BRDA:2,12,1,0
BRDA:2,13,0,0
BRDA:2,13,1,0
BRDA:2,14,0,0
BRDA:2,14,1,0
BRDA:2,15,0,0
BRDA:2,15,1,0
BRDA:2,16,0,0
BRDA:2,16,1,0
BRDA:2,17,0,0
BRDA:2,17,1,0
BRDA:2,18,0,0
BRDA:2,18,1,0
BRDA:2,19,0,0
BRDA:2,19,1,0
BRDA:2,20,0,0
BRDA:2,20,1,0
BRDA:2,21,0,0
BRDA:2,21,1,0
BRDA:2,22,0,0
BRDA:2,22,1,0
BRDA:2,23,0,0
BRDA:2,23,1,0
BRDA:2,24,0,0
BRDA:2,24,1,0
BRDA:2,25,0,0
BRDA:2,25,1,0
BRDA:2,26,0,0
BRDA:2,26,1,0
BRDA:2,27,0,0
BRDA:2,27,1,0
BRDA:2,28,0,0
BRDA:2,28,1,0
BRDA:2,29,0,0
BRDA:2,29,1,0
BRDA:2,30,0,0
BRDA:2,30,1,0
BRDA:2,31,0,0
BRDA:2,31,1,0
BRDA:2,32,0,0
BRDA:2,32,1,0
BRDA:2,33,0,0
BRDA:2,33,1,0
BRDA:2,34,0,0
BRDA:2,34,1,0
BRDA:2,35,0,0
BRDA:2,35,1,0
BRDA:2,36,0,0
BRDA:2,36,1,0
BRDA:2,37,0,0
BRDA:2,37,1,0
BRDA:2,38,0,0
BRDA:2,38,1,0
BRDA:2,39,0,0
BRDA:2,39,1,0
BRDA:2,40,0,0
BRDA:2,40,1,0
BRDA:2,41,0,0
BRDA:2,41,1,0
BRDA:2,42,0,0
BRDA:2,42,1,0
BRDA:2,43,0,0
BRDA:2,43,1,0
BRDA:2,44,0,0
BRDA:2,44,1,0
BRDA:2,45,0,0
BRDA:2,45,1,0
BRDA:2,46,0,0
BRDA:2,46,1,0
BRDA:2,47,0,0
BRDA:2,47,1,0
BRDA:2,48,0,0
BRDA:2,48,1,0
BRDA:2,49,0,0
BRDA:2,49,1,0
BRDA:2,50,0,0
BRDA:2,50,1,0
BRDA:2,50,2,0
BRDA:2,51,0,0
BRDA:2,51,1,0
BRDA:2,52,0,0
BRDA:2,52,1,0
BRDA:2,53,0,0
BRDA:2,53,1,0
BRDA:2,54,0,0
BRDA:2,54,1,0
BRDA:2,55,0,0
BRDA:2,55,1,0
BRDA:2,56,0,0
BRDA:2,56,1,0
BRDA:2,57,0,0
BRDA:2,57,1,0
BRDA:2,58,0,0
BRDA:2,58,1,0
BRDA:2,59,0,0
BRDA:2,59,1,0
BRDA:2,60,0,0
BRDA:2,60,1,0
BRDA:2,61,0,0
BRDA:2,61,1,0
BRDA:2,62,0,0
BRDA:2,62,1,0
BRDA:2,63,0,0
BRDA:2,63,1,0
BRDA:2,64,0,0
BRDA:2,64,1,0
BRDA:2,65,0,0
BRDA:2,65,1,0
BRDA:2,66,0,0
BRDA:2,66,1,0
BRDA:2,67,0,0
BRDA:2,67,1,0
BRDA:2,68,0,0
BRDA:2,68,1,0
BRDA:2,69,0,0
BRDA:2,69,1,0
BRDA:2,70,0,0
BRDA:2,70,1,0
BRDA:2,71,0,0
BRDA:2,71,1,0
BRDA:2,72,0,0
BRDA:2,72,1,0
BRDA:2,73,0,0
BRDA:2,73,1,0
BRDA:2,74,0,0
BRDA:2,74,1,0
BRDA:2,75,0,0
BRDA:2,75,1,0
BRDA:2,76,0,0
BRDA:2,76,1,0
BRDA:2,77,0,0
BRDA:2,77,1,0
BRDA:2,78,0,0
BRDA:2,78,1,0
BRDA:2,79,0,0
BRDA:2,79,1,0
BRDA:2,80,0,0
BRDA:2,80,1,0
BRDA:2,81,0,0
BRDA:2,81,1,0
BRDA:2,82,0,0
BRDA:2,82,1,0
BRDA:2,83,0,0
BRDA:2,83,1,0
BRDA:2,84,0,0
BRDA:2,84,1,0
BRDA:2,85,0,0
BRDA:2,85,1,0
BRDA:2,86,0,0
BRDA:2,86,1,0
BRDA:2,87,0,0
BRDA:2,87,1,0
BRDA:2,88,0,0
BRDA:2,88,1,0
BRDA:2,89,0,0
BRDA:2,89,1,0
BRDA:2,89,2,0
BRDA:2,90,0,0
BRDA:2,90,1,0
BRDA:2,91,0,0
BRDA:2,91,1,0
BRDA:2,92,0,0
BRDA:2,92,1,0
BRDA:2,93,0,0
BRDA:2,93,1,0
BRDA:2,94,0,0
BRDA:2,94,1,0
BRDA:2,95,0,0
BRDA:2,95,1,0
BRDA:2,96,0,0
BRDA:2,96,1,0
BRDA:2,97,0,0
BRDA:2,97,1,0
BRDA:2,98,0,0
BRDA:2,98,1,0
BRDA:2,99,0,0
BRDA:2,99,1,0
BRDA:2,100,0,0
BRDA:2,100,1,0
BRDA:2,101,0,0
BRDA:2,101,1,0
BRDA:2,102,0,0
BRDA:2,102,1,0
BRDA:2,103,0,0
BRDA:2,103,1,0
BRDA:2,104,0,0
BRDA:2,104,1,0
BRDA:2,105,0,0
BRDA:2,105,1,0
BRDA:2,106,0,0
BRDA:2,106,1,0
BRDA:2,107,0,0
BRDA:2,107,1,0
BRDA:2,108,0,0
BRDA:2,108,1,0
BRDA:2,109,0,0
BRDA:2,109,1,0
BRDA:2,110,0,0
BRDA:2,110,1,0
BRDA:2,111,0,0
BRDA:2,111,1,0
BRDA:2,112,0,0
BRDA:2,112,1,0
BRDA:2,113,0,0
BRDA:2,113,1,0
BRDA:2,114,0,0
BRDA:2,114,1,0
BRDA:2,115,0,0
BRDA:2,115,1,0
BRDA:2,116,0,0
BRDA:2,116,1,0
BRDA:2,117,0,0
BRDA:2,117,1,0
BRDA:2,118,0,0
BRDA:2,118,1,0
BRDA:2,119,0,0
BRDA:2,119,1,0
BRDA:2,120,0,0
BRDA:2,120,1,0
BRDA:2,121,0,0
BRDA:2,121,1,0
BRDA:2,122,0,0
BRDA:2,122,1,0
BRDA:2,123,0,0
BRDA:2,123,1,0
BRDA:2,124,0,0
BRDA:2,124,1,0
BRDA:2,125,0,0
BRDA:2,125,1,0
BRDA:2,126,0,0
BRDA:2,126,1,0
BRDA:2,127,0,0
BRDA:2,127,1,0
BRDA:2,128,0,0
BRDA:2,128,1,0
BRDA:2,128,2,0
BRDA:2,129,0,0
BRDA:2,129,1,0
BRDA:2,130,0,0
BRDA:2,130,1,0
BRDA:2,131,0,0
BRDA:2,131,1,0
BRDA:2,131,2,0
BRDA:2,131,3,0
BRDA:2,131,4,0
BRDA:2,132,0,0
BRDA:2,132,1,0
BRDA:2,133,0,0
BRDA:2,133,1,0
BRDA:2,134,0,0
BRDA:2,134,1,0
BRDA:2,135,0,0
BRDA:2,135,1,0
BRDA:2,136,0,0
BRDA:2,136,1,0
BRDA:2,137,0,0
BRDA:2,137,1,0
BRDA:2,138,0,0
BRDA:2,138,1,0
BRF:286
BRH:0
end_of_record
TN:
SF:coverage/sorter.js
FN:2,(anonymous_0)
FN:11,getTable
FN:15,getTableHeader
FN:19,getTableBody
FN:23,getNthColumn
FN:27,onFilterInput
FN:45,addSearchBox
FN:53,loadColumns
FN:78,loadRowData
FN:97,loadData
FN:106,sortByIndex
FN:108,(anonymous_11)
FN:120,(anonymous_12)
FN:137,removeSortIndicators
FN:145,addSortIndicators
FN:151,enableUI
FN:154,ithSorter
FN:157,(anonymous_17)
FN:184,(anonymous_18)
FNF:19
FNH:0
FNDA:0,(anonymous_0)
FNDA:0,getTable
FNDA:0,getTableHeader
FNDA:0,getTableBody
FNDA:0,getNthColumn
FNDA:0,onFilterInput
FNDA:0,addSearchBox
FNDA:0,loadColumns
FNDA:0,loadRowData
FNDA:0,loadData
FNDA:0,sortByIndex
FNDA:0,(anonymous_11)
FNDA:0,(anonymous_12)
FNDA:0,removeSortIndicators
FNDA:0,addSortIndicators
FNDA:0,enableUI
FNDA:0,ithSorter
FNDA:0,(anonymous_17)
FNDA:0,(anonymous_18)
DA:2,0
DA:5,0
DA:12,0
DA:16,0
DA:20,0
DA:24,0
DA:28,0
DA:29,0
DA:30,0
DA:31,0
DA:32,0
DA:37,0
DA:39,0
DA:46,0
DA:47,0
DA:48,0
DA:49,0
DA:54,0
DA:56,0
DA:60,0
DA:61,0
DA:62,0
DA:67,0
DA:68,0
DA:69,0
DA:70,0
DA:74,0
DA:79,0
DA:82,0
DA:85,0
DA:86,0
DA:87,0
DA:88,0
DA:89,0
DA:90,0
DA:92,0
DA:94,0
DA:98,0
DA:101,0
DA:102,0
DA:107,0
DA:108,0
DA:109,0
DA:110,0
DA:111,0
DA:113,0
DA:114,0
DA:115,0
DA:116,0
DA:119,0
DA:120,0
DA:121,0
DA:125,0
DA:126,0
DA:127,0
DA:130,0
DA:132,0
DA:133,0
DA:138,0
DA:139,0
DA:141,0
DA:142,0
DA:146,0
DA:154,0
DA:155,0
DA:157,0
DA:158,0
DA:160,0
DA:161,0
DA:163,0
DA:164,0
DA:165,0
DA:166,0
DA:167,0
DA:170,0
DA:171,0
DA:174,0
DA:175,0
DA:176,0
DA:178,0
DA:184,0
DA:185,0
DA:186,0
DA:188,0
DA:189,0
DA:190,0
DA:191,0
DA:192,0
DA:196,0
LF:89
LH:0
BRDA:32,0,0,0
BRDA:32,0,1,0
BRDA:65,1,0,0
BRDA:65,1,1,0
BRDA:68,2,0,0
BRDA:68,2,1,0
BRDA:89,3,0,0
BRDA:89,3,1,0
BRDA:111,4,0,0
BRDA:111,4,1,0
BRDA:111,5,0,0
BRDA:111,5,1,0
BRDA:119,6,0,0
BRDA:119,6,1,0
BRDA:146,7,0,0
BRDA:146,7,1,0
BRDA:160,8,0,0
BRDA:160,8,1,0
BRDA:171,9,0,0
BRDA:171,9,1,0
BRDA:175,10,0,0
BRDA:175,10,1,0
BRDA:185,11,0,0
BRDA:185,11,1,0
BRF:24
BRH:0
end_of_record
TN:
SF:coverage/lcov-report/block-navigation.js
FN:2,init
FN:24,toggleClass
FN:31,makeCurrent
FN:41,goToPrevious
FN:52,goToNext
FN:65,jump
FNF:6
FNH:0
FNDA:0,init
FNDA:0,toggleClass
FNDA:0,makeCurrent
FNDA:0,goToPrevious
FNDA:0,goToNext
FNDA:0,jump
DA:2,0
DA:4,0
DA:7,0
DA:10,0
DA:14,0
DA:20,0
DA:25,0
DA:28,0
DA:32,0
DA:33,0
DA:34,0
DA:42,0
DA:43,0
DA:44,0
DA:45,0
DA:46,0
DA:49,0
DA:53,0
DA:55,0
DA:59,0
DA:62,0
DA:65,0
DA:66,0
DA:71,0
DA:74,0
DA:77,0
DA:78,0
DA:82,0
DA:83,0
DA:87,0
LF:30
LH:0
BRDA:43,0,0,0
BRDA:43,0,1,0
BRDA:43,1,0,0
BRDA:43,1,1,0
BRDA:45,2,0,0
BRDA:45,2,1,0
BRDA:55,3,0,0
BRDA:55,3,1,0
BRDA:56,4,0,0
BRDA:56,4,1,0
BRDA:66,5,0,0
BRDA:66,5,1,0
BRDA:67,6,0,0
BRDA:67,6,1,0
BRDA:74,7,0,0
BRDA:74,7,1,0
BRDA:74,7,2,0
BRDA:74,7,3,0
BRDA:74,7,4,0
BRF:19
BRH:0
end_of_record
TN:
SF:coverage/lcov-report/prettify.js
FN:2,(anonymous_0)
FN:2,k
FN:2,ab
FN:2,T
FN:2,X
FN:2,(anonymous_5)
FN:2,W
FN:2,(anonymous_7)
FN:2,a
FN:2,aa
FN:2,B
FN:2,o
FN:2,g
FN:2,(anonymous_13)
FN:2,(anonymous_14)
FN:2,i
FN:2,Q
FN:2,ae
FN:2,ad
FN:2,ai
FN:2,D
FN:2,c
FN:2,q
FN:2,d
FN:2,y
FN:2,b
FN:2,Y
FN:2,(anonymous_27)
FN:2,U
FNF:29
FNH:0
FNDA:0,(anonymous_0)
FNDA:0,k
FNDA:0,ab
FNDA:0,T
FNDA:0,X
FNDA:0,(anonymous_5)
FNDA:0,W
FNDA:0,(anonymous_7)
FNDA:0,a
FNDA:0,aa
FNDA:0,B
FNDA:0,o
FNDA:0,g
FNDA:0,(anonymous_13)
FNDA:0,(anonymous_14)
FNDA:0,i
FNDA:0,Q
FNDA:0,ae
FNDA:0,ad
FNDA:0,ai
FNDA:0,D
FNDA:0,c
FNDA:0,q
FNDA:0,d
FNDA:0,y
FNDA:0,b
FNDA:0,Y
FNDA:0,(anonymous_27)
FNDA:0,U
DA:2,0
LF:1
LH:0
BRDA:2,0,0,0
BRDA:2,0,1,0
BRDA:2,1,0,0
BRDA:2,1,1,0
BRDA:2,2,0,0
BRDA:2,2,1,0
BRDA:2,3,0,0
BRDA:2,3,1,0
BRDA:2,4,0,0
BRDA:2,4,1,0
BRDA:2,5,0,0
BRDA:2,5,1,0
BRDA:2,6,0,0
BRDA:2,6,1,0
BRDA:2,7,0,0
BRDA:2,7,1,0
BRDA:2,8,0,0
BRDA:2,8,1,0
BRDA:2,9,0,0
BRDA:2,9,1,0
BRDA:2,10,0,0
BRDA:2,10,1,0
BRDA:2,11,0,0
BRDA:2,11,1,0
BRDA:2,11,2,0
BRDA:2,11,3,0
BRDA:2,12,0,0
BRDA:2,12,1,0
BRDA:2,13,0,0
BRDA:2,13,1,0
BRDA:2,14,0,0
BRDA:2,14,1,0
BRDA:2,15,0,0
BRDA:2,15,1,0
BRDA:2,16,0,0
BRDA:2,16,1,0
BRDA:2,17,0,0
BRDA:2,17,1,0
BRDA:2,18,0,0
BRDA:2,18,1,0
BRDA:2,19,0,0
BRDA:2,19,1,0
BRDA:2,20,0,0
BRDA:2,20,1,0
BRDA:2,21,0,0
BRDA:2,21,1,0
BRDA:2,22,0,0
BRDA:2,22,1,0
BRDA:2,23,0,0
BRDA:2,23,1,0
BRDA:2,24,0,0
BRDA:2,24,1,0
BRDA:2,25,0,0
BRDA:2,25,1,0
BRDA:2,26,0,0
BRDA:2,26,1,0
BRDA:2,27,0,0
BRDA:2,27,1,0
BRDA:2,28,0,0
BRDA:2,28,1,0
BRDA:2,29,0,0
BRDA:2,29,1,0
BRDA:2,30,0,0
BRDA:2,30,1,0
BRDA:2,31,0,0
BRDA:2,31,1,0
BRDA:2,32,0,0
BRDA:2,32,1,0
BRDA:2,33,0,0
BRDA:2,33,1,0
BRDA:2,34,0,0
BRDA:2,34,1,0
BRDA:2,35,0,0
BRDA:2,35,1,0
BRDA:2,36,0,0
BRDA:2,36,1,0
BRDA:2,37,0,0
BRDA:2,37,1,0
BRDA:2,38,0,0
BRDA:2,38,1,0
BRDA:2,39,0,0
BRDA:2,39,1,0
BRDA:2,40,0,0
BRDA:2,40,1,0
BRDA:2,41,0,0
BRDA:2,41,1,0
BRDA:2,42,0,0
BRDA:2,42,1,0
BRDA:2,43,0,0
BRDA:2,43,1,0
BRDA:2,44,0,0
BRDA:2,44,1,0
BRDA:2,45,0,0
BRDA:2,45,1,0
BRDA:2,46,0,0
BRDA:2,46,1,0
BRDA:2,47,0,0
BRDA:2,47,1,0
BRDA:2,48,0,0
BRDA:2,48,1,0
BRDA:2,49,0,0
BRDA:2,49,1,0
BRDA:2,50,0,0
BRDA:2,50,1,0
BRDA:2,50,2,0
BRDA:2,51,0,0
BRDA:2,51,1,0
BRDA:2,52,0,0
BRDA:2,52,1,0
BRDA:2,53,0,0
BRDA:2,53,1,0
BRDA:2,54,0,0
BRDA:2,54,1,0
BRDA:2,55,0,0
BRDA:2,55,1,0
BRDA:2,56,0,0
BRDA:2,56,1,0
BRDA:2,57,0,0
BRDA:2,57,1,0
BRDA:2,58,0,0
BRDA:2,58,1,0
BRDA:2,59,0,0
BRDA:2,59,1,0
BRDA:2,60,0,0
BRDA:2,60,1,0
BRDA:2,61,0,0
BRDA:2,61,1,0
BRDA:2,62,0,0
BRDA:2,62,1,0
BRDA:2,63,0,0
BRDA:2,63,1,0
BRDA:2,64,0,0
BRDA:2,64,1,0
BRDA:2,65,0,0
BRDA:2,65,1,0
BRDA:2,66,0,0
BRDA:2,66,1,0
BRDA:2,67,0,0
BRDA:2,67,1,0
BRDA:2,68,0,0
BRDA:2,68,1,0
BRDA:2,69,0,0
BRDA:2,69,1,0
BRDA:2,70,0,0
BRDA:2,70,1,0
BRDA:2,71,0,0
BRDA:2,71,1,0
BRDA:2,72,0,0
BRDA:2,72,1,0
BRDA:2,73,0,0
BRDA:2,73,1,0
BRDA:2,74,0,0
BRDA:2,74,1,0
BRDA:2,75,0,0
BRDA:2,75,1,0
BRDA:2,76,0,0
BRDA:2,76,1,0
BRDA:2,77,0,0
BRDA:2,77,1,0
BRDA:2,78,0,0
BRDA:2,78,1,0
BRDA:2,79,0,0
BRDA:2,79,1,0
BRDA:2,80,0,0
BRDA:2,80,1,0
BRDA:2,81,0,0
BRDA:2,81,1,0
BRDA:2,82,0,0
BRDA:2,82,1,0
BRDA:2,83,0,0
BRDA:2,83,1,0
BRDA:2,84,0,0
BRDA:2,84,1,0
BRDA:2,85,0,0
BRDA:2,85,1,0
BRDA:2,86,0,0
BRDA:2,86,1,0
BRDA:2,87,0,0
BRDA:2,87,1,0
BRDA:2,88,0,0
BRDA:2,88,1,0
BRDA:2,89,0,0
BRDA:2,89,1,0
BRDA:2,89,2,0
BRDA:2,90,0,0
BRDA:2,90,1,0
BRDA:2,91,0,0
BRDA:2,91,1,0
BRDA:2,92,0,0
BRDA:2,92,1,0
BRDA:2,93,0,0
BRDA:2,93,1,0
BRDA:2,94,0,0
BRDA:2,94,1,0
BRDA:2,95,0,0
BRDA:2,95,1,0
BRDA:2,96,0,0
BRDA:2,96,1,0
BRDA:2,97,0,0
BRDA:2,97,1,0
BRDA:2,98,0,0
BRDA:2,98,1,0
BRDA:2,99,0,0
BRDA:2,99,1,0
BRDA:2,100,0,0
BRDA:2,100,1,0
BRDA:2,101,0,0
BRDA:2,101,1,0
BRDA:2,102,0,0
BRDA:2,102,1,0
BRDA:2,103,0,0
BRDA:2,103,1,0
BRDA:2,104,0,0
BRDA:2,104,1,0
BRDA:2,105,0,0
BRDA:2,105,1,0
BRDA:2,106,0,0
BRDA:2,106,1,0
BRDA:2,107,0,0
BRDA:2,107,1,0
BRDA:2,108,0,0
BRDA:2,108,1,0
BRDA:2,109,0,0
BRDA:2,109,1,0
BRDA:2,110,0,0
BRDA:2,110,1,0
BRDA:2,111,0,0
BRDA:2,111,1,0
BRDA:2,112,0,0
BRDA:2,112,1,0
BRDA:2,113,0,0
BRDA:2,113,1,0
BRDA:2,114,0,0
BRDA:2,114,1,0
BRDA:2,115,0,0
BRDA:2,115,1,0
BRDA:2,116,0,0
BRDA:2,116,1,0
BRDA:2,117,0,0
BRDA:2,117,1,0
BRDA:2,118,0,0
BRDA:2,118,1,0
BRDA:2,119,0,0
BRDA:2,119,1,0
BRDA:2,120,0,0
BRDA:2,120,1,0
BRDA:2,121,0,0
BRDA:2,121,1,0
BRDA:2,122,0,0
BRDA:2,122,1,0
BRDA:2,123,0,0
BRDA:2,123,1,0
BRDA:2,124,0,0
BRDA:2,124,1,0
BRDA:2,125,0,0
BRDA:2,125,1,0
BRDA:2,126,0,0
BRDA:2,126,1,0
BRDA:2,127,0,0
BRDA:2,127,1,0
BRDA:2,128,0,0
BRDA:2,128,1,0
BRDA:2,128,2,0
BRDA:2,129,0,0
BRDA:2,129,1,0
BRDA:2,130,0,0
BRDA:2,130,1,0
BRDA:2,131,0,0
BRDA:2,131,1,0
BRDA:2,131,2,0
BRDA:2,131,3,0
BRDA:2,131,4,0
BRDA:2,132,0,0
BRDA:2,132,1,0
BRDA:2,133,0,0
BRDA:2,133,1,0
BRDA:2,134,0,0
BRDA:2,134,1,0
BRDA:2,135,0,0
BRDA:2,135,1,0
BRDA:2,136,0,0
BRDA:2,136,1,0
BRDA:2,137,0,0
BRDA:2,137,1,0
BRDA:2,138,0,0
BRDA:2,138,1,0
BRF:286
BRH:0
end_of_record
TN:
SF:coverage/lcov-report/sorter.js
FN:2,(anonymous_0)
FN:11,getTable
FN:15,getTableHeader
FN:19,getTableBody
FN:23,getNthColumn
FN:27,onFilterInput
FN:45,addSearchBox
FN:53,loadColumns
FN:78,loadRowData
FN:97,loadData
FN:106,sortByIndex
FN:108,(anonymous_11)
FN:120,(anonymous_12)
FN:137,removeSortIndicators
FN:145,addSortIndicators
FN:151,enableUI
FN:154,ithSorter
FN:157,(anonymous_17)
FN:184,(anonymous_18)
FNF:19
FNH:0
FNDA:0,(anonymous_0)
FNDA:0,getTable
FNDA:0,getTableHeader
FNDA:0,getTableBody
FNDA:0,getNthColumn
FNDA:0,onFilterInput
FNDA:0,addSearchBox
FNDA:0,loadColumns
FNDA:0,loadRowData
FNDA:0,loadData
FNDA:0,sortByIndex
FNDA:0,(anonymous_11)
FNDA:0,(anonymous_12)
FNDA:0,removeSortIndicators
FNDA:0,addSortIndicators
FNDA:0,enableUI
FNDA:0,ithSorter
FNDA:0,(anonymous_17)
FNDA:0,(anonymous_18)
DA:2,0
DA:5,0
DA:12,0
DA:16,0
DA:20,0
DA:24,0
DA:28,0
DA:29,0
DA:30,0
DA:31,0
DA:32,0
DA:37,0
DA:39,0
DA:46,0
DA:47,0
DA:48,0
DA:49,0
DA:54,0
DA:56,0
DA:60,0
DA:61,0
DA:62,0
DA:67,0
DA:68,0
DA:69,0
DA:70,0
DA:74,0
DA:79,0
DA:82,0
DA:85,0
DA:86,0
DA:87,0
DA:88,0
DA:89,0
DA:90,0
DA:92,0
DA:94,0
DA:98,0
DA:101,0
DA:102,0
DA:107,0
DA:108,0
DA:109,0
DA:110,0
DA:111,0
DA:113,0
DA:114,0
DA:115,0
DA:116,0
DA:119,0
DA:120,0
DA:121,0
DA:125,0
DA:126,0
DA:127,0
DA:130,0
DA:132,0
DA:133,0
DA:138,0
DA:139,0
DA:141,0
DA:142,0
DA:146,0
DA:154,0
DA:155,0
DA:157,0
DA:158,0
DA:160,0
DA:161,0
DA:163,0
DA:164,0
DA:165,0
DA:166,0
DA:167,0
DA:170,0
DA:171,0
DA:174,0
DA:175,0
DA:176,0
DA:178,0
DA:184,0
DA:185,0
DA:186,0
DA:188,0
DA:189,0
DA:190,0
DA:191,0
DA:192,0
DA:196,0
LF:89
LH:0
BRDA:32,0,0,0
BRDA:32,0,1,0
BRDA:65,1,0,0
BRDA:65,1,1,0
BRDA:68,2,0,0
BRDA:68,2,1,0
BRDA:89,3,0,0
BRDA:89,3,1,0
BRDA:111,4,0,0
BRDA:111,4,1,0
BRDA:111,5,0,0
BRDA:111,5,1,0
BRDA:119,6,0,0
BRDA:119,6,1,0
BRDA:146,7,0,0
BRDA:146,7,1,0
BRDA:160,8,0,0
BRDA:160,8,1,0
BRDA:171,9,0,0
BRDA:171,9,1,0
BRDA:175,10,0,0
BRDA:175,10,1,0
BRDA:185,11,0,0
BRDA:185,11,1,0
BRF:24
BRH:0
end_of_record
TN:
SF:dist/swagger-initializer.js
FN:1,(anonymous_0)
FNF:1
FNH:0
FNDA:0,(anonymous_0)
DA:1,0
DA:5,0
LF:2
LH:0
BRF:0
BRH:0
end_of_record
TN:
SF:dist/webpack:/SwaggerUIBundle/src/index.js
FNF:0
FNH:0
DA:3,0
LF:1
LH:0
BRF:0
BRH:0
end_of_record
TN:
SF:dist/webpack:/SwaggerUIBundle/src/core/index.js
FN:12,bn
FN:42,(anonymous_7024)
FN:43,(anonymous_7025)
FN:152,(anonymous_7026)
FN:165,(anonymous_7027)
FNF:5
FNH:0
FNDA:0,bn
FNDA:0,(anonymous_7024)
FNDA:0,(anonymous_7025)
FNDA:0,(anonymous_7026)
FNDA:0,(anonymous_7027)
DA:10,0
DA:14,0
DA:22,0
DA:42,0
DA:43,0
DA:112,0
DA:114,0
DA:117,0
DA:119,0
DA:138,0
DA:142,0
DA:144,0
DA:153,0
DA:160,0
DA:161,0
DA:163,0
DA:165,0
DA:166,0
DA:167,0
DA:188,0
DA:189,0
DA:190,0
DA:191,0
DA:192,0
DA:193,0
DA:200,0
DA:203,0
DA:205,0
DA:220,0
LF:29
LH:0
BRDA:14,0,0,0
BRDA:14,0,1,0
BRDA:112,1,0,0
BRDA:112,1,1,0
BRDA:138,2,0,0
BRDA:138,2,1,0
BRDA:144,3,0,0
BRDA:144,3,1,0
BRDA:144,3,2,0
BRDA:166,4,0,0
BRDA:166,4,1,0
BRDA:167,5,0,0
BRDA:167,5,1,0
BRDA:188,6,0,0
BRDA:188,6,1,0
BRDA:170,7,0,0
BRDA:170,7,1,0
BRDA:177,8,0,0
BRDA:177,8,1,0
BRDA:177,9,0,0
BRDA:177,9,1,0
BRDA:177,10,0,0
BRDA:177,10,1,0
BRDA:177,10,2,0
BRDA:182,11,0,0
BRDA:182,11,1,0
BRDA:182,11,2,0
BRDA:182,11,3,0
BRDA:190,12,0,0
BRDA:190,12,1,0
BRDA:193,13,0,0
BRDA:193,13,1,0
BRDA:193,13,2,0
BRDA:203,14,0,0
BRDA:203,14,1,0
BRDA:205,15,0,0
BRDA:205,15,1,0
BRDA:205,16,0,0
BRDA:205,16,1,0
BRDA:205,16,2,0
BRF:40
BRH:0
end_of_record
TN:
SF:dist/webpack:/SwaggerUIBundle/src/core/oauth2-authorize.js
FN:5,(anonymous_6725)
FNF:1
FNH:0
FNDA:0,(anonymous_6725)
DA:5,0
DA:6,0
DA:7,0
DA:8,0
DA:10,0
DA:13,0
DA:24,0
DA:31,0
DA:36,0
DA:37,0
DA:40,0
DA:44,0
DA:47,0
DA:54,0
DA:56,0
DA:58,0
DA:65,0
DA:66,0
DA:68,0
DA:71,0
DA:79,0
DA:80,0
DA:81,0
DA:83,0
DA:91,0
DA:93,0
DA:94,0
DA:99,0
DA:103,0
DA:111,0
DA:118,0
LF:31
LH:0
BRDA:5,0,0,0
BRDA:10,1,0,0
BRDA:10,1,1,0
BRDA:10,1,2,0
BRDA:10,1,3,0
BRDA:10,1,4,0
BRDA:10,1,5,0
BRDA:10,1,6,0
BRDA:10,1,7,0
BRDA:40,2,0,0
BRDA:40,2,1,0
BRDA:47,3,0,0
BRDA:47,3,1,0
BRDA:65,4,0,0
BRDA:65,4,1,0
BRDA:59,5,0,0
BRDA:59,5,1,0
BRDA:61,6,0,0
BRDA:61,6,1,0
BRDA:66,7,0,0
BRDA:66,7,1,0
BRDA:79,8,0,0
BRDA:79,8,1,0
BRDA:73,9,0,0
BRDA:73,9,1,0
BRDA:76,10,0,0
BRDA:76,10,1,0
BRDA:76,10,2,0
BRDA:76,10,3,0
BRDA:94,11,0,0
BRDA:94,11,1,0
BRDA:101,12,0,0
BRDA:101,12,1,0
BRDA:111,13,0,0
BRDA:111,13,1,0
BRDA:117,14,0,0
BRDA:117,14,1,0
BRDA:119,15,0,0
BRDA:119,15,1,0
BRF:39
BRH:0
end_of_record
TN:
SF:dist/webpack:/SwaggerUIBundle/src/core/syntax-highlighting.js
FN:30,(anonymous_1778)
FN:33,(anonymous_1780)
FNF:2
FNH:0
FNDA:0,(anonymous_1778)
FNDA:0,(anonymous_1780)
DA:18,0
DA:28,0
DA:30,0
DA:31,0
DA:33,0
LF:5
LH:0
BRDA:31,0,0,0
BRDA:31,0,1,0
BRF:2
BRH:0
end_of_record
TN:
SF:dist/webpack:/SwaggerUIBundle/src/core/system.js
FN:13,(anonymous_6580)
FN:34,(anonymous_6581)
FN:16,(anonymous_6582)
FN:62,(anonymous_6583)
FN:66,(anonymous_6584)
FN:80,(anonymous_6585)
FN:97,(anonymous_6586)
FN:101,(anonymous_6587)
FN:113,(anonymous_6588)
FN:117,(anonymous_6589)
FN:123,(anonymous_6590)
FN:127,(anonymous_6591)
FN:449,(anonymous_6592)
FN:450,(anonymous_6593)
FN:462,(anonymous_6594)
FN:463,(anonymous_6595)
FN:443,(anonymous_6596)
FN:135,(anonymous_6597)
FN:137,(anonymous_6598)
FN:144,(anonymous_6599)
FN:148,(anonymous_6600)
FN:151,(anonymous_6601)
FN:152,(anonymous_6602)
FN:159,(anonymous_6603)
FN:161,(anonymous_6604)
FN:164,(anonymous_6605)
FN:173,(anonymous_6606)
FN:174,(anonymous_6607)
FN:188,(anonymous_6608)
FN:190,(anonymous_6609)
FN:194,(anonymous_6610)
FN:203,(anonymous_6611)
FN:204,(anonymous_6612)
FN:218,(anonymous_6613)
FN:219,(anonymous_6614)
FN:225,(anonymous_6615)
FN:226,(anonymous_6616)
FN:227,(anonymous_6617)
FN:232,(anonymous_6618)
FN:238,(anonymous_6619)
FN:242,(anonymous_6620)
FN:253,(anonymous_6621)
FN:254,(anonymous_6622)
FN:256,(anonymous_6623)
FN:258,(anonymous_6624)
FN:259,(anonymous_6625)
FN:272,(anonymous_6626)
FN:278,(anonymous_6627)
FN:280,(anonymous_6628)
FN:283,(anonymous_6629)
FN:297,(anonymous_6630)
FN:300,(anonymous_6631)
FN:301,(anonymous_6632)
FN:306,(anonymous_6633)
FN:307,(anonymous_6634)
FN:314,U
FN:327,(anonymous_6636)
FN:334,q
FN:347,(anonymous_6638)
FN:356,V
FN:368,(anonymous_6640)
FN:478,$
FN:485,(anonymous_6642)
FNF:63
FNH:0
FNDA:0,(anonymous_6580)
FNDA:0,(anonymous_6581)
FNDA:0,(anonymous_6582)
FNDA:0,(anonymous_6583)
FNDA:0,(anonymous_6584)
FNDA:0,(anonymous_6585)
FNDA:0,(anonymous_6586)
FNDA:0,(anonymous_6587)
FNDA:0,(anonymous_6588)
FNDA:0,(anonymous_6589)
FNDA:0,(anonymous_6590)
FNDA:0,(anonymous_6591)
FNDA:0,(anonymous_6592)
FNDA:0,(anonymous_6593)
FNDA:0,(anonymous_6594)
FNDA:0,(anonymous_6595)
FNDA:0,(anonymous_6596)
FNDA:0,(anonymous_6597)
FNDA:0,(anonymous_6598)
FNDA:0,(anonymous_6599)
FNDA:0,(anonymous_6600)
FNDA:0,(anonymous_6601)
FNDA:0,(anonymous_6602)
FNDA:0,(anonymous_6603)
FNDA:0,(anonymous_6604)
FNDA:0,(anonymous_6605)
FNDA:0,(anonymous_6606)
FNDA:0,(anonymous_6607)
FNDA:0,(anonymous_6608)
FNDA:0,(anonymous_6609)
FNDA:0,(anonymous_6610)
FNDA:0,(anonymous_6611)
FNDA:0,(anonymous_6612)
FNDA:0,(anonymous_6613)
FNDA:0,(anonymous_6614)
FNDA:0,(anonymous_6615)
FNDA:0,(anonymous_6616)
FNDA:0,(anonymous_6617)
FNDA:0,(anonymous_6618)
FNDA:0,(anonymous_6619)
FNDA:0,(anonymous_6620)
FNDA:0,(anonymous_6621)
FNDA:0,(anonymous_6622)
FNDA:0,(anonymous_6623)
FNDA:0,(anonymous_6624)
FNDA:0,(anonymous_6625)
FNDA:0,(anonymous_6626)
FNDA:0,(anonymous_6627)
FNDA:0,(anonymous_6628)
FNDA:0,(anonymous_6629)
FNDA:0,(anonymous_6630)
FNDA:0,(anonymous_6631)
FNDA:0,(anonymous_6632)
FNDA:0,(anonymous_6633)
FNDA:0,(anonymous_6634)
FNDA:0,U
FNDA:0,(anonymous_6636)
FNDA:0,q
FNDA:0,(anonymous_6638)
FNDA:0,V
FNDA:0,(anonymous_6640)
FNDA:0,$
FNDA:0,(anonymous_6642)
DA:13,0
DA:18,0
DA:25,0
DA:27,0
DA:34,0
DA:35,0
DA:63,0
DA:66,0
DA:67,0
DA:68,0
DA:73,0
DA:80,0
DA:81,0
DA:82,0
DA:84,0
DA:98,0
DA:102,0
DA:114,0
DA:118,0
DA:124,0
DA:128,0
DA:136,0
DA:137,0
DA:138,0
DA:139,0
DA:140,0
DA:145,0
DA:149,0
DA:151,0
DA:153,0
DA:154,0
DA:159,0
DA:160,0
DA:161,0
DA:162,0
DA:163,0
DA:165,0
DA:166,0
DA:174,0
DA:175,0
DA:177,0
DA:178,0
DA:180,0
DA:188,0
DA:189,0
DA:190,0
DA:191,0
DA:192,0
DA:193,0
DA:195,0
DA:196,0
DA:204,0
DA:205,0
DA:207,0
DA:208,0
DA:210,0
DA:219,0
DA:220,0
DA:226,0
DA:227,0
DA:233,0
DA:239,0
DA:241,0
DA:243,0
DA:254,0
DA:255,0
DA:256,0
DA:258,0
DA:259,0
DA:260,0
DA:266,0
DA:274,0
DA:276,0
DA:278,0
DA:279,0
DA:280,0
DA:284,0
DA:285,0
DA:286,0
DA:289,0
DA:292,0
DA:297,0
DA:301,0
DA:302,0
DA:307,0
DA:308,0
DA:315,0
DA:316,0
DA:319,0
DA:320,0
DA:323,0
DA:324,0
DA:326,0
DA:327,0
DA:331,0
DA:334,0
DA:335,0
DA:343,0
DA:347,0
DA:356,0
DA:358,0
DA:359,0
DA:361,0
DA:362,0
DA:367,0
DA:369,0
DA:370,0
DA:391,0
DA:392,0
DA:393,0
DA:394,0
DA:395,0
DA:396,0
DA:399,0
DA:402,0
DA:403,0
DA:404,0
DA:412,0
DA:413,0
DA:420,0
DA:421,0
DA:422,0
DA:430,0
DA:431,0
DA:439,0
DA:444,0
DA:450,0
DA:451,0
DA:455,0
DA:463,0
DA:464,0
DA:465,0
DA:467,0
DA:468,0
DA:469,0
DA:472,0
DA:474,0
DA:480,0
DA:481,0
DA:485,0
DA:486,0
DA:487,0
DA:492,0
DA:495,0
LF:144
LH:0
BRDA:34,0,0,0
BRDA:34,0,1,0
BRDA:34,1,0,0
BRDA:34,1,1,0
BRDA:25,2,0,0
BRDA:25,2,1,0
BRDA:66,3,0,0
BRDA:66,3,1,0
BRDA:66,4,0,0
BRDA:66,4,1,0
BRDA:69,5,0,0
BRDA:69,5,1,0
BRDA:73,6,0,0
BRDA:73,6,1,0
BRDA:80,7,0,0
BRDA:80,7,1,0
BRDA:80,8,0,0
BRDA:80,8,1,0
BRDA:93,9,0,0
BRDA:93,9,1,0
BRDA:110,10,0,0
BRDA:110,10,1,0
BRDA:463,11,0,0
BRDA:463,11,1,0
BRDA:463,12,0,0
BRDA:463,12,1,0
BRDA:463,13,0,0
BRDA:463,13,1,0
BRDA:464,14,0,0
BRDA:464,14,1,0
BRDA:468,15,0,0
BRDA:468,15,1,0
BRDA:472,16,0,0
BRDA:472,16,1,0
BRDA:455,17,0,0
BRDA:455,17,1,0
BRDA:139,18,0,0
BRDA:139,18,1,0
BRDA:153,19,0,0
BRDA:153,19,1,0
BRDA:163,20,0,0
BRDA:163,20,1,0
BRDA:166,21,0,0
BRDA:166,21,1,0
BRDA:170,22,0,0
BRDA:170,22,1,0
BRDA:177,23,0,0
BRDA:177,23,1,0
BRDA:181,24,0,0
BRDA:181,24,1,0
BRDA:193,25,0,0
BRDA:193,25,1,0
BRDA:196,26,0,0
BRDA:196,26,1,0
BRDA:200,27,0,0
BRDA:200,27,1,0
BRDA:207,28,0,0
BRDA:207,28,1,0
BRDA:211,29,0,0
BRDA:211,29,1,0
BRDA:241,30,0,0
BRDA:241,30,1,0
BRDA:243,31,0,0
BRDA:243,31,1,0
BRDA:263,32,0,0
BRDA:263,32,1,0
BRDA:274,33,0,0
BRDA:274,33,1,0
BRDA:279,34,0,0
BRDA:279,34,1,0
BRDA:315,35,0,0
BRDA:315,35,1,0
BRDA:315,36,0,0
BRDA:315,36,1,0
BRDA:319,37,0,0
BRDA:319,37,1,0
BRDA:323,38,0,0
BRDA:323,38,1,0
BRDA:324,39,0,0
BRDA:324,39,1,0
BRDA:334,40,0,0
BRDA:334,40,1,0
BRDA:334,41,0,0
BRDA:334,41,1,0
BRDA:343,42,0,0
BRDA:343,42,1,0
BRDA:343,42,2,0
BRDA:343,42,3,0
BRDA:339,43,0,0
BRDA:339,43,1,0
BRDA:344,44,0,0
BRDA:344,44,1,0
BRDA:356,45,0,0
BRDA:356,45,1,0
BRDA:356,46,0,0
BRDA:356,46,1,0
BRDA:356,47,0,0
BRDA:356,47,1,0
BRDA:356,48,0,0
BRDA:356,48,1,0
BRDA:358,49,0,0
BRDA:358,49,1,0
BRDA:361,50,0,0
BRDA:361,50,1,0
BRDA:367,51,0,0
BRDA:367,51,1,0
BRDA:369,52,0,0
BRDA:369,52,1,0
BRDA:370,53,0,0
BRDA:370,53,1,0
BRDA:370,54,0,0
BRDA:370,54,1,0
BRDA:373,55,0,0
BRDA:373,55,1,0
BRDA:379,56,0,0
BRDA:379,56,1,0
BRDA:392,57,0,0
BRDA:392,57,1,0
BRDA:395,58,0,0
BRDA:395,58,1,0
BRDA:402,59,0,0
BRDA:402,59,1,0
BRDA:412,60,0,0
BRDA:412,60,1,0
BRDA:407,61,0,0
BRDA:407,61,1,0
BRDA:412,62,0,0
BRDA:412,62,1,0
BRDA:412,62,2,0
BRDA:412,62,3,0
BRDA:412,62,4,0
BRDA:420,63,0,0
BRDA:420,63,1,0
BRDA:430,64,0,0
BRDA:430,64,1,0
BRDA:425,65,0,0
BRDA:425,65,1,0
BRDA:430,66,0,0
BRDA:430,66,1,0
BRDA:430,66,2,0
BRDA:430,66,3,0
BRDA:430,66,4,0
BRDA:479,67,0,0
BRDA:480,68,0,0
BRDA:480,68,1,0
BRDA:480,69,0,0
BRDA:480,69,1,0
BRDA:481,70,0,0
BRDA:481,70,1,0
BRDA:489,71,0,0
BRDA:489,71,1,0
BRF:151
BRH:0
end_of_record
TN:
SF:dist/webpack:/SwaggerUIBundle/src/core/utils.js
FN:33,(anonymous_1817)
FN:35,pe
FN:53,fe
FN:92,(anonymous_1820)
FN:131,he
FN:137,de
FN:141,me
FN:145,ge
FN:149,ve
FN:156,be
FN:157,(anonymous_1827)
FN:163,we
FN:164,(anonymous_1829)
FN:173,Ee
FN:174,(anonymous_1831)
FN:175,(anonymous_1832)
FN:175,(anonymous_1833)
FN:185,xe
FN:187,(anonymous_1835)
FN:197,_e
FN:241,Se
FN:250,(anonymous_1838)
FN:272,Ae
FN:416,ke
FN:472,(anonymous_1841)
FN:493,(anonymous_1842)
FN:500,(anonymous_1843)
FN:503,(anonymous_1844)
FN:409,(anonymous_1845)
FN:391,(anonymous_1846)
FN:397,(anonymous_1847)
FN:369,(anonymous_1848)
FN:379,(anonymous_1849)
FN:380,(anonymous_1850)
FN:385,(anonymous_1851)
FN:363,(anonymous_1852)
FN:403,(anonymous_1853)
FN:308,(anonymous_1854)
FN:314,(anonymous_1855)
FN:350,(anonymous_1856)
FN:356,(anonymous_1857)
FN:344,(anonymous_1858)
FN:338,(anonymous_1859)
FN:320,(anonymous_1860)
FN:326,(anonymous_1861)
FN:582,(anonymous_1862)
FN:585,(anonymous_1863)
FN:332,(anonymous_1864)
FN:598,(anonymous_1865)
FN:607,(anonymous_1866)
FN:633,(anonymous_1867)
FN:638,(anonymous_1868)
FN:643,(anonymous_1869)
FN:648,(anonymous_1870)
FN:667,(anonymous_1871)
FN:682,(anonymous_1872)
FN:710,(anonymous_1873)
FN:724,(anonymous_1874)
FN:725,(anonymous_1875)
FN:728,(anonymous_1876)
FN:732,(anonymous_1877)
FN:745,(anonymous_1878)
FN:746,(anonymous_1879)
FN:751,Fe
FN:759,ze
FN:767,Ue
FN:778,(anonymous_1883)
FN:791,(anonymous_1884)
FN:793,(anonymous_1885)
FN:795,(anonymous_1886)
FN:795,(anonymous_1887)
FN:796,(anonymous_1888)
FN:796,(anonymous_1889)
FN:802,He
FN:802,(anonymous_1891)
FN:809,(anonymous_1892)
FN:820,Je
FN:845,Ke
FN:853,Ge
FN:879,Ze
FN:885,(anonymous_1897)
FN:888,(anonymous_1898)
FN:894,Ye
FN:900,Qe
FN:908,Xe
FN:915,(anonymous_1902)
FNF:86
FNH:0
FNDA:0,(anonymous_1817)
FNDA:0,pe
FNDA:0,fe
FNDA:0,(anonymous_1820)
FNDA:0,he
FNDA:0,de
FNDA:0,me
FNDA:0,ge
FNDA:0,ve
FNDA:0,be
FNDA:0,(anonymous_1827)
FNDA:0,we
FNDA:0,(anonymous_1829)
FNDA:0,Ee
FNDA:0,(anonymous_1831)
FNDA:0,(anonymous_1832)
FNDA:0,(anonymous_1833)
FNDA:0,xe
FNDA:0,(anonymous_1835)
FNDA:0,_e
FNDA:0,Se
FNDA:0,(anonymous_1838)
FNDA:0,Ae
FNDA:0,ke
FNDA:0,(anonymous_1841)
FNDA:0,(anonymous_1842)
FNDA:0,(anonymous_1843)
FNDA:0,(anonymous_1844)
FNDA:0,(anonymous_1845)
FNDA:0,(anonymous_1846)
FNDA:0,(anonymous_1847)
FNDA:0,(anonymous_1848)
FNDA:0,(anonymous_1849)
FNDA:0,(anonymous_1850)
FNDA:0,(anonymous_1851)
FNDA:0,(anonymous_1852)
FNDA:0,(anonymous_1853)
FNDA:0,(anonymous_1854)
FNDA:0,(anonymous_1855)
FNDA:0,(anonymous_1856)
FNDA:0,(anonymous_1857)
FNDA:0,(anonymous_1858)
FNDA:0,(anonymous_1859)
FNDA:0,(anonymous_1860)
FNDA:0,(anonymous_1861)
FNDA:0,(anonymous_1862)
FNDA:0,(anonymous_1863)
FNDA:0,(anonymous_1864)
FNDA:0,(anonymous_1865)
FNDA:0,(anonymous_1866)
FNDA:0,(anonymous_1867)
FNDA:0,(anonymous_1868)
FNDA:0,(anonymous_1869)
FNDA:0,(anonymous_1870)
FNDA:0,(anonymous_1871)
FNDA:0,(anonymous_1872)
FNDA:0,(anonymous_1873)
FNDA:0,(anonymous_1874)
FNDA:0,(anonymous_1875)
FNDA:0,(anonymous_1876)
FNDA:0,(anonymous_1877)
FNDA:0,(anonymous_1878)
FNDA:0,(anonymous_1879)
FNDA:0,Fe
FNDA:0,ze
FNDA:0,Ue
FNDA:0,(anonymous_1883)
FNDA:0,(anonymous_1884)
FNDA:0,(anonymous_1885)
FNDA:0,(anonymous_1886)
FNDA:0,(anonymous_1887)
FNDA:0,(anonymous_1888)
FNDA:0,(anonymous_1889)
FNDA:0,He
FNDA:0,(anonymous_1891)
FNDA:0,(anonymous_1892)
FNDA:0,Je
FNDA:0,Ke
FNDA:0,Ge
FNDA:0,Ze
FNDA:0,(anonymous_1897)
FNDA:0,(anonymous_1898)
FNDA:0,Ye
FNDA:0,Qe
FNDA:0,Xe
FNDA:0,(anonymous_1902)
DA:31,0
DA:33,0
DA:36,0
DA:54,0
DA:55,0
DA:57,0
DA:58,0
DA:60,0
DA:61,0
DA:63,0
DA:64,0
DA:66,0
DA:69,0
DA:71,0
DA:92,0
DA:93,0
DA:94,0
DA:96,0
DA:97,0
DA:98,0
DA:99,0
DA:100,0
DA:101,0
DA:103,0
DA:105,0
DA:115,0
DA:120,0
DA:132,0
DA:138,0
DA:142,0
DA:146,0
DA:150,0
DA:154,0
DA:157,0
DA:158,0
DA:164,0
DA:165,0
DA:168,0
DA:174,0
DA:175,0
DA:176,0
DA:186,0
DA:187,0
DA:198,0
DA:199,0
DA:201,0
DA:202,0
DA:242,0
DA:251,0
DA:255,0
DA:256,0
DA:257,0
DA:259,0
DA:263,0
DA:273,0
DA:308,0
DA:309,0
DA:310,0
DA:314,0
DA:315,0
DA:316,0
DA:320,0
DA:321,0
DA:322,0
DA:326,0
DA:327,0
DA:328,0
DA:332,0
DA:333,0
DA:334,0
DA:338,0
DA:339,0
DA:340,0
DA:345,0
DA:346,0
DA:351,0
DA:352,0
DA:358,0
DA:359,0
DA:363,0
DA:364,0
DA:365,0
DA:369,0
DA:370,0
DA:374,0
DA:375,0
DA:377,0
DA:378,0
DA:380,0
DA:384,0
DA:385,0
DA:391,0
DA:392,0
DA:393,0
DA:397,0
DA:398,0
DA:399,0
DA:403,0
DA:404,0
DA:405,0
DA:409,0
DA:411,0
DA:412,0
DA:417,0
DA:418,0
DA:419,0
DA:420,0
DA:421,0
DA:422,0
DA:423,0
DA:424,0
DA:425,0
DA:426,0
DA:427,0
DA:428,0
DA:429,0
DA:430,0
DA:432,0
DA:433,0
DA:451,0
DA:452,0
DA:456,0
DA:457,0
DA:458,0
DA:467,0
DA:472,0
DA:474,0
DA:476,0
DA:478,0
DA:483,0
DA:484,0
DA:485,0
DA:486,0
DA:489,0
DA:493,0
DA:499,0
DA:500,0
DA:501,0
DA:502,0
DA:503,0
DA:508,0
DA:510,0
DA:513,0
DA:516,0
DA:520,0
DA:523,0
DA:527,0
DA:530,0
DA:534,0
DA:536,0
DA:539,0
DA:541,0
DA:544,0
DA:546,0
DA:549,0
DA:551,0
DA:554,0
DA:563,0
DA:564,0
DA:565,0
DA:567,0
DA:568,0
DA:569,0
DA:571,0
DA:572,0
DA:573,0
DA:575,0
DA:576,0
DA:577,0
DA:578,0
DA:579,0
DA:581,0
DA:583,0
DA:584,0
DA:585,0
DA:588,0
DA:590,0
DA:591,0
DA:594,0
DA:598,0
DA:600,0
DA:602,0
DA:604,0
DA:607,0
DA:611,0
DA:612,0
DA:613,0
DA:615,0
DA:616,0
DA:617,0
DA:621,0
DA:624,0
DA:631,0
DA:633,0
DA:634,0
DA:635,0
DA:637,0
DA:638,0
DA:643,0
DA:648,0
DA:649,0
DA:651,0
DA:652,0
DA:661,0
DA:663,0
DA:667,0
DA:673,0
DA:682,0
DA:683,0
DA:684,0
DA:686,0
DA:687,0
DA:689,0
DA:690,0
DA:692,0
DA:693,0
DA:701,0
DA:710,0
DA:719,0
DA:722,0
DA:724,0
DA:725,0
DA:728,0
DA:732,0
DA:733,0
DA:735,0
DA:736,0
DA:741,0
DA:745,0
DA:747,0
DA:752,0
DA:760,0
DA:768,0
DA:770,0
DA:773,0
DA:775,0
DA:778,0
DA:779,0
DA:783,0
DA:785,0
DA:787,0
DA:791,0
DA:793,0
DA:795,0
DA:796,0
DA:802,0
DA:803,0
DA:804,0
DA:807,0
DA:810,0
DA:817,0
DA:821,0
DA:822,0
DA:829,0
DA:830,0
DA:831,0
DA:834,0
DA:838,0
DA:846,0
DA:853,0
DA:854,0
DA:855,0
DA:857,0
DA:858,0
DA:860,0
DA:876,0
DA:880,0
DA:886,0
DA:888,0
DA:890,0
DA:895,0
DA:901,0
DA:909,0
DA:915,0
LF:274
LH:0
BRDA:36,0,0,0
BRDA:36,0,1,0
BRDA:38,1,0,0
BRDA:38,1,1,0
BRDA:54,2,0,0
BRDA:54,2,1,0
BRDA:57,3,0,0
BRDA:57,3,1,0
BRDA:60,4,0,0
BRDA:60,4,1,0
BRDA:63,5,0,0
BRDA:63,5,1,0
BRDA:66,6,0,0
BRDA:66,6,1,0
BRDA:93,7,0,0
BRDA:93,7,1,0
BRDA:100,8,0,0
BRDA:100,8,1,0
BRDA:100,9,0,0
BRDA:100,9,1,0
BRDA:100,9,2,0
BRDA:103,10,0,0
BRDA:103,10,1,0
BRDA:132,11,0,0
BRDA:132,11,1,0
BRDA:142,12,0,0
BRDA:142,12,1,0
BRDA:166,13,0,0
BRDA:166,13,1,0
BRDA:166,13,2,0
BRDA:176,14,0,0
BRDA:176,14,1,0
BRDA:187,15,0,0
BRDA:187,15,1,0
BRDA:198,16,0,0
BRDA:198,16,1,0
BRDA:201,17,0,0
BRDA:201,17,1,0
BRDA:202,18,0,0
BRDA:202,18,1,0
BRDA:255,19,0,0
BRDA:255,19,1,0
BRDA:255,20,0,0
BRDA:255,20,1,0
BRDA:417,21,0,0
BRDA:417,21,1,0
BRDA:432,22,0,0
BRDA:432,22,1,0
BRDA:451,23,0,0
BRDA:451,23,1,0
BRDA:443,24,0,0
BRDA:443,24,1,0
BRDA:443,24,2,0
BRDA:443,24,3,0
BRDA:439,25,0,0
BRDA:439,25,1,0
BRDA:439,25,2,0
BRDA:439,25,3,0
BRDA:436,26,0,0
BRDA:436,26,1,0
BRDA:456,27,0,0
BRDA:456,27,1,0
BRDA:457,28,0,0
BRDA:457,28,1,0
BRDA:457,28,2,0
BRDA:458,29,0,0
BRDA:458,29,1,0
BRDA:458,29,2,0
BRDA:459,30,0,0
BRDA:459,30,1,0
BRDA:459,30,2,0
BRDA:460,31,0,0
BRDA:460,31,1,0
BRDA:461,32,0,0
BRDA:461,32,1,0
BRDA:461,32,2,0
BRDA:462,33,0,0
BRDA:462,33,1,0
BRDA:462,33,2,0
BRDA:463,34,0,0
BRDA:463,34,1,0
BRDA:463,34,2,0
BRDA:464,35,0,0
BRDA:464,35,1,0
BRDA:464,35,2,0
BRDA:465,36,0,0
BRDA:465,36,1,0
BRDA:465,36,2,0
BRDA:474,37,0,0
BRDA:474,37,1,0
BRDA:474,38,0,0
BRDA:474,38,1,0
BRDA:474,38,2,0
BRDA:478,39,0,0
BRDA:478,39,1,0
BRDA:479,40,0,0
BRDA:479,40,1,0
BRDA:479,40,2,0
BRDA:484,41,0,0
BRDA:484,41,1,0
BRDA:499,42,0,0
BRDA:499,42,1,0
BRDA:492,43,0,0
BRDA:492,43,1,0
BRDA:492,43,2,0
BRDA:492,43,3,0
BRDA:492,43,4,0
BRDA:493,44,0,0
BRDA:493,44,1,0
BRDA:499,45,0,0
BRDA:499,45,1,0
BRDA:508,46,0,0
BRDA:508,46,1,0
BRDA:411,47,0,0
BRDA:411,47,1,0
BRDA:510,48,0,0
BRDA:510,48,1,0
BRDA:513,49,0,0
BRDA:513,49,1,0
BRDA:513,50,0,0
BRDA:513,50,1,0
BRDA:392,51,0,0
BRDA:392,51,1,0
BRDA:392,52,0,0
BRDA:392,52,1,0
BRDA:392,52,2,0
BRDA:392,52,3,0
BRDA:393,53,0,0
BRDA:393,53,1,0
BRDA:516,54,0,0
BRDA:516,54,1,0
BRDA:520,55,0,0
BRDA:520,55,1,0
BRDA:520,56,0,0
BRDA:520,56,1,0
BRDA:398,57,0,0
BRDA:398,57,1,0
BRDA:398,58,0,0
BRDA:398,58,1,0
BRDA:399,59,0,0
BRDA:399,59,1,0
BRDA:523,60,0,0
BRDA:523,60,1,0
BRDA:527,61,0,0
BRDA:527,61,1,0
BRDA:527,62,0,0
BRDA:527,62,1,0
BRDA:370,63,0,0
BRDA:370,63,1,0
BRDA:370,64,0,0
BRDA:370,64,1,0
BRDA:370,64,2,0
BRDA:377,65,0,0
BRDA:377,65,1,0
BRDA:384,66,0,0
BRDA:384,66,1,0
BRDA:380,67,0,0
BRDA:380,67,1,0
BRDA:380,68,0,0
BRDA:380,68,1,0
BRDA:530,69,0,0
BRDA:530,69,1,0
BRDA:534,70,0,0
BRDA:534,70,1,0
BRDA:534,71,0,0
BRDA:534,71,1,0
BRDA:364,72,0,0
BRDA:364,72,1,0
BRDA:365,73,0,0
BRDA:365,73,1,0
BRDA:536,74,0,0
BRDA:536,74,1,0
BRDA:539,75,0,0
BRDA:539,75,1,0
BRDA:404,76,0,0
BRDA:404,76,1,0
BRDA:405,77,0,0
BRDA:405,77,1,0
BRDA:541,78,0,0
BRDA:541,78,1,0
BRDA:544,79,0,0
BRDA:544,79,1,0
BRDA:544,80,0,0
BRDA:544,80,1,0
BRDA:309,81,0,0
BRDA:309,81,1,0
BRDA:546,82,0,0
BRDA:546,82,1,0
BRDA:549,83,0,0
BRDA:549,83,1,0
BRDA:549,84,0,0
BRDA:549,84,1,0
BRDA:315,85,0,0
BRDA:315,85,1,0
BRDA:551,86,0,0
BRDA:551,86,1,0
BRDA:554,87,0,0
BRDA:554,87,1,0
BRDA:563,88,0,0
BRDA:563,88,1,0
BRDA:556,89,0,0
BRDA:556,89,1,0
BRDA:351,90,0,0
BRDA:351,90,1,0
BRDA:558,91,0,0
BRDA:558,91,1,0
BRDA:358,92,0,0
BRDA:358,92,1,0
BRDA:345,93,0,0
BRDA:345,93,1,0
BRDA:345,94,0,0
BRDA:345,94,1,0
BRDA:565,95,0,0
BRDA:565,95,1,0
BRDA:339,96,0,0
BRDA:339,96,1,0
BRDA:339,97,0,0
BRDA:339,97,1,0
BRDA:339,97,2,0
BRDA:339,97,3,0
BRDA:567,98,0,0
BRDA:567,98,1,0
BRDA:569,99,0,0
BRDA:569,99,1,0
BRDA:321,100,0,0
BRDA:321,100,1,0
BRDA:571,101,0,0
BRDA:571,101,1,0
BRDA:573,102,0,0
BRDA:573,102,1,0
BRDA:327,103,0,0
BRDA:327,103,1,0
BRDA:575,104,0,0
BRDA:575,104,1,0
BRDA:577,105,0,0
BRDA:577,105,1,0
BRDA:578,106,0,0
BRDA:578,106,1,0
BRDA:578,107,0,0
BRDA:578,107,1,0
BRDA:581,108,0,0
BRDA:581,108,1,0
BRDA:588,109,0,0
BRDA:588,109,1,0
BRDA:333,110,0,0
BRDA:333,110,1,0
BRDA:333,111,0,0
BRDA:333,111,1,0
BRDA:590,112,0,0
BRDA:590,112,1,0
BRDA:598,113,0,0
BRDA:598,114,0,0
BRDA:598,115,0,0
BRDA:598,115,1,0
BRDA:598,116,0,0
BRDA:598,116,1,0
BRDA:611,117,0,0
BRDA:611,117,1,0
BRDA:608,118,0,0
BRDA:608,118,1,0
BRDA:608,118,2,0
BRDA:611,119,0,0
BRDA:611,119,1,0
BRDA:612,120,0,0
BRDA:612,120,1,0
BRDA:612,121,0,0
BRDA:612,121,1,0
BRDA:612,121,2,0
BRDA:612,121,3,0
BRDA:612,121,4,0
BRDA:615,122,0,0
BRDA:615,122,1,0
BRDA:638,123,0,0
BRDA:638,123,1,0
BRDA:643,124,0,0
BRDA:643,124,1,0
BRDA:656,125,0,0
BRDA:656,125,1,0
BRDA:667,126,0,0
BRDA:667,126,1,0
BRDA:667,127,0,0
BRDA:667,127,1,0
BRDA:667,128,0,0
BRDA:667,128,1,0
BRDA:667,129,0,0
BRDA:667,129,1,0
BRDA:667,130,0,0
BRDA:667,130,1,0
BRDA:667,131,0,0
BRDA:667,131,1,0
BRDA:668,132,0,0
BRDA:668,132,1,0
BRDA:668,132,2,0
BRDA:670,133,0,0
BRDA:670,133,1,0
BRDA:670,133,2,0
BRDA:673,134,0,0
BRDA:673,134,1,0
BRDA:676,135,0,0
BRDA:676,135,1,0
BRDA:686,136,0,0
BRDA:686,136,1,0
BRDA:689,137,0,0
BRDA:689,137,1,0
BRDA:693,138,0,0
BRDA:693,138,1,0
BRDA:697,139,0,0
BRDA:697,139,1,0
BRDA:697,139,2,0
BRDA:713,140,0,0
BRDA:713,140,1,0
BRDA:736,141,0,0
BRDA:736,141,1,0
BRDA:736,141,2,0
BRDA:752,142,0,0
BRDA:752,142,1,0
BRDA:752,143,0,0
BRDA:752,143,1,0
BRDA:760,144,0,0
BRDA:760,144,1,0
BRDA:760,144,2,0
BRDA:760,144,3,0
BRDA:768,145,0,0
BRDA:768,145,1,0
BRDA:773,146,0,0
BRDA:773,146,1,0
BRDA:779,147,0,0
BRDA:779,147,1,0
BRDA:779,148,0,0
BRDA:779,148,1,0
BRDA:783,149,0,0
BRDA:783,149,1,0
BRDA:785,150,0,0
BRDA:785,150,1,0
BRDA:784,151,0,0
BRDA:784,151,1,0
BRDA:787,152,0,0
BRDA:787,152,1,0
BRDA:791,153,0,0
BRDA:791,153,1,0
BRDA:791,154,0,0
BRDA:791,154,1,0
BRDA:802,155,0,0
BRDA:802,155,1,0
BRDA:802,156,0,0
BRDA:802,156,1,0
BRDA:803,157,0,0
BRDA:803,157,1,0
BRDA:803,158,0,0
BRDA:803,158,1,0
BRDA:803,158,2,0
BRDA:803,158,3,0
BRDA:810,159,0,0
BRDA:810,159,1,0
BRDA:810,160,0,0
BRDA:810,160,1,0
BRDA:821,161,0,0
BRDA:821,161,1,0
BRDA:829,162,0,0
BRDA:829,162,1,0
BRDA:825,163,0,0
BRDA:825,163,1,0
BRDA:825,163,2,0
BRDA:829,164,0,0
BRDA:829,164,1,0
BRDA:838,165,0,0
BRDA:838,165,1,0
BRDA:846,166,0,0
BRDA:846,166,1,0
BRDA:853,167,0,0
BRDA:853,168,0,0
BRDA:853,169,0,0
BRDA:853,169,1,0
BRDA:853,170,0,0
BRDA:853,170,1,0
BRDA:854,171,0,0
BRDA:854,171,1,0
BRDA:864,172,0,0
BRDA:864,172,1,0
BRDA:864,172,2,0
BRDA:864,172,3,0
BRDA:864,172,4,0
BRDA:864,172,5,0
BRDA:868,173,0,0
BRDA:868,173,1,0
BRDA:868,173,2,0
BRDA:876,174,0,0
BRDA:876,174,1,0
BRDA:876,175,0,0
BRDA:876,175,1,0
BRDA:915,176,0,0
BRDA:915,176,1,0
BRDA:916,177,0,0
BRDA:916,177,1,0
BRF:394
BRH:0
end_of_record
TN:
SF:dist/webpack:/SwaggerUIBundle/src/core/window.js
FN:1,(anonymous_1909)
FN:5,(anonymous_1910)
FN:6,(anonymous_1911)
FN:7,(anonymous_1912)
FN:29,(anonymous_1914)
FNF:5
FNH:0
FNDA:0,(anonymous_1909)
FNDA:0,(anonymous_1910)
FNDA:0,(anonymous_1911)
FNDA:0,(anonymous_1912)
FNDA:0,(anonymous_1914)
DA:1,0
DA:2,0
DA:10,0
DA:11,0
DA:14,0
DA:15,0
DA:17,0
DA:18,0
DA:23,0
DA:26,0
DA:29,0
LF:11
LH:0
BRDA:10,0,0,0
BRDA:10,0,1,0
BRDA:18,1,0,0
BRDA:18,1,1,0
BRF:4
BRH:0
end_of_record
TN:
SF:dist/webpack:/SwaggerUIBundle/src/core/plugins/all.js
FN:10,(anonymous_261)
FN:24,(anonymous_263)
FNF:2
FNH:0
FNDA:0,(anonymous_261)
FNDA:0,(anonymous_263)
DA:4,0
DA:6,0
DA:8,0
DA:10,0
DA:11,0
DA:12,0
DA:20,0
DA:21,0
DA:24,0
LF:9
LH:0
BRDA:11,0,0,0
BRDA:11,0,1,0
BRDA:21,1,0,0
BRDA:21,1,1,0
BRF:4
BRH:0
end_of_record
TN:
SF:dist/webpack:/SwaggerUIBundle/src/core/plugins/download-url.js
FN:5,d
FN:9,(anonymous_454)
FN:9,(anonymous_455)
FN:26,p
FN:41,(anonymous_457)
FN:18,(anonymous_458)
FN:19,(anonymous_459)
FN:75,(anonymous_460)
FN:89,(anonymous_461)
FN:98,(anonymous_462)
FN:101,(anonymous_463)
FN:110,(anonymous_465)
FNF:12
FNH:0
FNDA:0,d
FNDA:0,(anonymous_454)
FNDA:0,(anonymous_455)
FNDA:0,p
FNDA:0,(anonymous_457)
FNDA:0,(anonymous_458)
FNDA:0,(anonymous_459)
FNDA:0,(anonymous_460)
FNDA:0,(anonymous_461)
FNDA:0,(anonymous_462)
FNDA:0,(anonymous_463)
FNDA:0,(anonymous_465)
DA:6,0
DA:9,0
DA:10,0
DA:11,0
DA:12,0
DA:18,0
DA:19,0
DA:27,0
DA:32,0
DA:34,0
DA:42,0
DA:53,0
DA:54,0
DA:59,0
DA:61,0
DA:62,0
DA:66,0
DA:69,0
DA:76,0
DA:81,0
DA:90,0
DA:99,0
DA:101,0
DA:105,0
DA:110,0
LF:25
LH:0
BRDA:27,0,0,0
BRDA:27,0,1,0
BRDA:27,1,0,0
BRDA:27,1,1,0
BRDA:29,2,0,0
BRDA:29,2,1,0
BRDA:29,3,0,0
BRDA:29,3,1,0
BRDA:29,3,2,0
BRDA:53,4,0,0
BRDA:53,4,1,0
BRDA:45,5,0,0
BRDA:45,5,1,0
BRDA:53,6,0,0
BRDA:53,6,1,0
BRDA:61,7,0,0
BRDA:61,7,1,0
BRDA:36,8,0,0
BRDA:36,8,1,0
BRDA:12,9,0,0
BRDA:12,9,1,0
BRDA:18,10,0,0
BRDA:18,10,1,0
BRDA:19,11,0,0
BRDA:19,11,1,0
BRDA:81,12,0,0
BRDA:81,12,1,0
BRDA:90,13,0,0
BRDA:90,13,1,0
BRDA:99,14,0,0
BRDA:99,14,1,0
BRDA:101,15,0,0
BRDA:101,15,1,0
BRF:33
BRH:0
end_of_record
TN:
SF:dist/webpack:/SwaggerUIBundle/src/core/plugins/auth/actions.js
FN:16,b
FN:23,w
FN:30,(anonymous_290)
FN:30,(anonymous_291)
FN:35,x
FN:42,(anonymous_293)
FN:42,(anonymous_294)
FN:47,(anonymous_295)
FN:47,(anonymous_296)
FN:78,A
FN:86,(anonymous_298)
FN:86,(anonymous_299)
FN:91,(anonymous_300)
FN:91,(anonymous_301)
FN:117,(anonymous_302)
FN:127,(anonymous_303)
FN:127,(anonymous_304)
FN:140,(anonymous_305)
FN:140,(anonymous_306)
FN:154,(anonymous_307)
FN:154,(anonymous_308)
FN:170,(anonymous_309)
FN:170,(anonymous_310)
FN:205,(anonymous_311)
FN:232,(anonymous_312)
FN:260,T
FN:267,P
FN:274,(anonymous_315)
FN:274,(anonymous_316)
FN:283,(anonymous_317)
FN:283,(anonymous_318)
FN:286,(anonymous_320)
FNF:32
FNH:0
FNDA:0,b
FNDA:0,w
FNDA:0,(anonymous_290)
FNDA:0,(anonymous_291)
FNDA:0,x
FNDA:0,(anonymous_293)
FNDA:0,(anonymous_294)
FNDA:0,(anonymous_295)
FNDA:0,(anonymous_296)
FNDA:0,A
FNDA:0,(anonymous_298)
FNDA:0,(anonymous_299)
FNDA:0,(anonymous_300)
FNDA:0,(anonymous_301)
FNDA:0,(anonymous_302)
FNDA:0,(anonymous_303)
FNDA:0,(anonymous_304)
FNDA:0,(anonymous_305)
FNDA:0,(anonymous_306)
FNDA:0,(anonymous_307)
FNDA:0,(anonymous_308)
FNDA:0,(anonymous_309)
FNDA:0,(anonymous_310)
FNDA:0,(anonymous_311)
FNDA:0,(anonymous_312)
FNDA:0,T
FNDA:0,P
FNDA:0,(anonymous_315)
FNDA:0,(anonymous_316)
FNDA:0,(anonymous_317)
FNDA:0,(anonymous_318)
FNDA:0,(anonymous_320)
DA:5,0
DA:6,0
DA:7,0
DA:8,0
DA:9,0
DA:10,0
DA:11,0
DA:12,0
DA:17,0
DA:24,0
DA:30,0
DA:31,0
DA:36,0
DA:42,0
DA:43,0
DA:47,0
DA:48,0
DA:49,0
DA:50,0
DA:79,0
DA:86,0
DA:87,0
DA:91,0
DA:92,0
DA:93,0
DA:100,0
DA:102,0
DA:103,0
DA:105,0
DA:108,0
DA:109,0
DA:111,0
DA:114,0
DA:118,0
DA:122,0
DA:127,0
DA:128,0
DA:129,0
DA:132,0
DA:137,0
DA:140,0
DA:141,0
DA:142,0
DA:151,0
DA:154,0
DA:155,0
DA:156,0
DA:159,0
DA:167,0
DA:170,0
DA:171,0
DA:173,0
DA:177,0
DA:178,0
DA:179,0
DA:181,0
DA:184,0
DA:188,0
DA:190,0
DA:196,0
DA:206,0
DA:207,0
DA:208,0
DA:210,0
DA:233,0
DA:239,0
DA:240,0
DA:241,0
DA:242,0
DA:243,0
DA:251,0
DA:261,0
DA:268,0
DA:274,0
DA:276,0
DA:278,0
DA:279,0
DA:283,0
DA:284,0
DA:286,0
LF:80
LH:0
BRDA:55,0,0,0
BRDA:55,0,1,0
BRDA:55,0,2,0
BRDA:64,1,0,0
BRDA:64,1,1,0
BRDA:102,2,0,0
BRDA:102,2,1,0
BRDA:102,2,2,0
BRDA:118,3,0,0
BRDA:118,3,1,0
BRDA:122,4,0,0
BRDA:122,4,1,0
BRDA:171,5,0,0
BRDA:171,6,0,0
BRDA:173,7,0,0
BRDA:173,7,1,0
BRDA:177,8,0,0
BRDA:177,8,1,0
BRDA:184,9,0,0
BRDA:184,9,1,0
BRDA:207,10,0,0
BRDA:207,10,1,0
BRDA:207,10,2,0
BRDA:208,11,0,0
BRDA:208,11,1,0
BRDA:208,11,2,0
BRDA:210,12,0,0
BRDA:210,12,1,0
BRDA:220,13,0,0
BRDA:220,13,1,0
BRDA:220,14,0,0
BRDA:220,14,1,0
BRDA:239,15,0,0
BRDA:239,15,1,0
BRDA:239,16,0,0
BRDA:239,16,1,0
BRDA:242,17,0,0
BRDA:242,17,1,0
BRDA:243,18,0,0
BRDA:243,18,1,0
BRDA:245,19,0,0
BRDA:245,19,1,0
BRDA:276,20,0,0
BRDA:276,20,1,0
BRF:44
BRH:0
end_of_record
TN:
SF:dist/webpack:/SwaggerUIBundle/src/core/plugins/auth/index.js
FN:6,u
FN:8,(anonymous_324)
FN:27,c
FN:52,p
FN:72,(anonymous_328)
FNF:5
FNH:0
FNDA:0,u
FNDA:0,(anonymous_324)
FNDA:0,c
FNDA:0,p
FNDA:0,(anonymous_328)
DA:7,0
DA:9,0
DA:31,0
DA:33,0
DA:35,0
DA:37,0
DA:56,0
DA:58,0
DA:60,0
DA:62,0
DA:72,0
LF:11
LH:0
BRDA:9,0,0,0
BRDA:9,0,1,0
BRDA:33,1,0,0
BRDA:33,1,1,0
BRDA:37,2,0,0
BRDA:37,2,1,0
BRDA:58,3,0,0
BRDA:58,3,1,0
BRDA:62,4,0,0
BRDA:62,4,1,0
BRF:10
BRH:0
end_of_record
TN:
SF:dist/webpack:/SwaggerUIBundle/src/core/plugins/auth/reducers.js
FN:14,(anonymous_329)
FN:18,(anonymous_330)
FN:23,(anonymous_331)
FN:47,(anonymous_332)
FN:60,(anonymous_333)
FN:61,(anonymous_334)
FN:62,(anonymous_335)
FN:70,(anonymous_336)
FN:74,(anonymous_337)
FN:75,(anonymous_339)
FNF:10
FNH:0
FNDA:0,(anonymous_329)
FNDA:0,(anonymous_330)
FNDA:0,(anonymous_331)
FNDA:0,(anonymous_332)
FNDA:0,(anonymous_333)
FNDA:0,(anonymous_334)
FNDA:0,(anonymous_335)
FNDA:0,(anonymous_336)
FNDA:0,(anonymous_337)
FNDA:0,(anonymous_339)
DA:13,0
DA:14,0
DA:15,0
DA:18,0
DA:19,0
DA:20,0
DA:23,0
DA:24,0
DA:25,0
DA:27,0
DA:29,0
DA:30,0
DA:31,0
DA:32,0
DA:33,0
DA:35,0
DA:44,0
DA:47,0
DA:48,0
DA:51,0
DA:54,0
DA:57,0
DA:60,0
DA:61,0
DA:62,0
DA:63,0
DA:67,0
DA:70,0
DA:71,0
DA:74,0
DA:75,0
LF:31
LH:0
BRDA:20,0,0,0
BRDA:20,0,1,0
BRDA:24,1,0,0
BRDA:24,1,1,0
BRDA:29,2,0,0
BRDA:29,2,1,0
BRDA:29,3,0,0
BRDA:29,3,1,0
BRDA:31,4,0,0
BRDA:31,4,1,0
BRDA:54,5,0,0
BRDA:54,5,1,0
BRF:12
BRH:0
end_of_record
TN:
SF:dist/webpack:/SwaggerUIBundle/src/core/plugins/auth/selectors.js
FN:4,(anonymous_346)
FN:8,(anonymous_347)
FN:13,(anonymous_348)
FN:13,(anonymous_349)
FN:18,(anonymous_350)
FN:30,(anonymous_351)
FN:30,(anonymous_352)
FN:35,(anonymous_353)
FN:37,(anonymous_354)
FN:44,(anonymous_355)
FN:62,(anonymous_356)
FN:62,(anonymous_357)
FN:65,(anonymous_358)
FN:66,(anonymous_359)
FN:68,(anonymous_360)
FN:73,(anonymous_361)
FN:90,(anonymous_362)
FN:94,(anonymous_363)
FN:94,(anonymous_364)
FN:101,(anonymous_365)
FN:104,(anonymous_366)
FN:112,(anonymous_367)
FN:112,(anonymous_369)
FNF:23
FNH:0
FNDA:0,(anonymous_346)
FNDA:0,(anonymous_347)
FNDA:0,(anonymous_348)
FNDA:0,(anonymous_349)
FNDA:0,(anonymous_350)
FNDA:0,(anonymous_351)
FNDA:0,(anonymous_352)
FNDA:0,(anonymous_353)
FNDA:0,(anonymous_354)
FNDA:0,(anonymous_355)
FNDA:0,(anonymous_356)
FNDA:0,(anonymous_357)
FNDA:0,(anonymous_358)
FNDA:0,(anonymous_359)
FNDA:0,(anonymous_360)
FNDA:0,(anonymous_361)
FNDA:0,(anonymous_362)
FNDA:0,(anonymous_363)
FNDA:0,(anonymous_364)
FNDA:0,(anonymous_365)
FNDA:0,(anonymous_366)
FNDA:0,(anonymous_367)
FNDA:0,(anonymous_369)
DA:4,0
DA:6,0
DA:8,0
DA:11,0
DA:13,0
DA:14,0
DA:15,0
DA:18,0
DA:19,0
DA:21,0
DA:25,0
DA:30,0
DA:31,0
DA:32,0
DA:33,0
DA:36,0
DA:37,0
DA:38,0
DA:41,0
DA:45,0
DA:53,0
DA:59,0
DA:62,0
DA:63,0
DA:64,0
DA:66,0
DA:67,0
DA:69,0
DA:70,0
DA:71,0
DA:72,0
DA:73,0
DA:74,0
DA:85,0
DA:88,0
DA:90,0
DA:94,0
DA:95,0
DA:97,0
DA:104,0
DA:110,0
DA:112,0
LF:42
LH:0
BRDA:14,0,0,0
BRDA:14,0,1,0
BRDA:41,1,0,0
BRDA:41,1,1,0
BRDA:41,1,2,0
BRDA:45,2,0,0
BRDA:45,2,1,0
BRDA:62,3,0,0
BRDA:62,3,1,0
BRDA:62,4,0,0
BRDA:62,4,1,0
BRDA:63,5,0,0
BRDA:63,5,1,0
BRDA:67,6,0,0
BRDA:67,6,1,0
BRDA:69,7,0,0
BRDA:69,7,1,0
BRDA:72,8,0,0
BRDA:72,8,1,0
BRDA:72,9,0,0
BRDA:72,9,1,0
BRDA:74,10,0,0
BRDA:74,10,1,0
BRDA:90,11,0,0
BRDA:90,11,1,0
BRDA:97,12,0,0
BRDA:97,12,1,0
BRF:27
BRH:0
end_of_record
TN:
SF:dist/webpack:/SwaggerUIBundle/src/core/plugins/auth/spec-wrap-actions.js
FN:2,(anonymous_370)
FN:2,(anonymous_371)
FN:10,(anonymous_373)
FNF:3
FNH:0
FNDA:0,(anonymous_370)
FNDA:0,(anonymous_371)
FNDA:0,(anonymous_373)
DA:2,0
DA:3,0
DA:9,0
DA:10,0
LF:4
LH:0
BRDA:4,0,0,0
BRDA:4,0,1,0
BRDA:5,1,0,0
BRDA:5,1,1,0
BRDA:6,2,0,0
BRDA:6,2,1,0
BRF:6
BRH:0
end_of_record
TN:
SF:dist/webpack:/SwaggerUIBundle/src/core/plugins/configs/actions.js
FN:5,a
FN:15,i
FN:24,(anonymous_380)
FN:24,(anonymous_381)
FN:36,(anonymous_383)
FNF:5
FNH:0
FNDA:0,a
FNDA:0,i
FNDA:0,(anonymous_380)
FNDA:0,(anonymous_381)
FNDA:0,(anonymous_383)
DA:1,0
DA:2,0
DA:6,0
DA:16,0
DA:24,0
DA:27,0
DA:29,0
DA:30,0
DA:36,0
LF:9
LH:0
BRDA:27,0,0,0
BRDA:27,0,1,0
BRDA:30,1,0,0
BRDA:30,1,1,0
BRF:4
BRH:0
end_of_record
TN:
SF:dist/webpack:/SwaggerUIBundle/src/core/plugins/configs/helpers.js
FN:3,(anonymous_384)
FN:11,(anonymous_386)
FNF:2
FNH:0
FNDA:0,(anonymous_384)
FNDA:0,(anonymous_386)
DA:3,0
DA:4,0
DA:5,0
DA:10,0
DA:11,0
LF:5
LH:0
BRDA:7,0,0,0
BRDA:7,0,1,0
BRF:2
BRH:0
end_of_record
TN:
SF:dist/webpack:/SwaggerUIBundle/src/core/plugins/configs/index.js
FN:9,(anonymous_387)
FN:15,c
FN:30,(anonymous_390)
FNF:3
FNH:0
FNDA:0,(anonymous_387)
FNDA:0,c
FNDA:0,(anonymous_390)
DA:8,0
DA:9,0
DA:17,0
DA:30,0
LF:4
LH:0
BRF:0
BRH:0
end_of_record
TN:
SF:dist/webpack:/SwaggerUIBundle/src/core/plugins/configs/reducers.js
FN:10,(anonymous_391)
FN:14,(anonymous_392)
FN:17,(anonymous_394)
FNF:3
FNH:0
FNDA:0,(anonymous_391)
FNDA:0,(anonymous_392)
FNDA:0,(anonymous_394)
DA:8,0
DA:11,0
DA:15,0
DA:16,0
DA:17,0
LF:5
LH:0
BRF:0
BRH:0
end_of_record
TN:
SF:dist/webpack:/SwaggerUIBundle/src/core/plugins/configs/selectors.js
FN:2,(anonymous_395)
FN:3,(anonymous_397)
FNF:2
FNH:0
FNDA:0,(anonymous_395)
FNDA:0,(anonymous_397)
DA:2,0
DA:3,0
LF:2
LH:0
BRDA:3,0,0,0
BRDA:3,0,1,0
BRF:2
BRH:0
end_of_record
TN:
SF:dist/webpack:/SwaggerUIBundle/src/core/plugins/configs/spec-actions.js
FN:3,(anonymous_399)
FN:3,(anonymous_400)
FN:9,(anonymous_401)
FN:9,(anonymous_402)
FN:14,a
FN:24,(anonymous_405)
FNF:6
FNH:0
FNDA:0,(anonymous_399)
FNDA:0,(anonymous_400)
FNDA:0,(anonymous_401)
FNDA:0,(anonymous_402)
FNDA:0,a
FNDA:0,(anonymous_405)
DA:3,0
DA:4,0
DA:6,0
DA:9,0
DA:10,0
DA:11,0
DA:15,0
DA:24,0
LF:8
LH:0
BRDA:10,0,0,0
BRDA:10,0,1,0
BRDA:15,1,0,0
BRDA:15,1,1,0
BRDA:15,2,0,0
BRDA:15,2,1,0
BRF:6
BRH:0
end_of_record
TN:
SF:dist/webpack:/SwaggerUIBundle/src/core/plugins/deep-linking/helpers.js
FN:1,(anonymous_406)
FN:5,(anonymous_408)
FNF:2
FNH:0
FNDA:0,(anonymous_406)
FNDA:0,(anonymous_408)
DA:1,0
DA:2,0
DA:5,0
LF:3
LH:0
BRDA:2,0,0,0
BRDA:2,0,1,0
BRF:2
BRH:0
end_of_record
TN:
SF:dist/webpack:/SwaggerUIBundle/src/core/plugins/deep-linking/index.js
FN:5,i
FN:10,(anonymous_410)
FN:10,(anonymous_411)
FN:24,(anonymous_413)
FNF:4
FNH:0
FNDA:0,i
FNDA:0,(anonymous_410)
FNDA:0,(anonymous_411)
FNDA:0,(anonymous_413)
DA:6,0
DA:10,0
DA:11,0
DA:13,0
DA:14,0
DA:24,0
LF:6
LH:0
BRF:0
BRH:0
end_of_record
TN:
SF:dist/webpack:/SwaggerUIBundle/src/core/plugins/deep-linking/layout.js
FN:9,(anonymous_420)
FN:9,(anonymous_421)
FN:47,(anonymous_422)
FN:54,(anonymous_423)
FN:54,(anonymous_424)
FN:76,(anonymous_425)
FN:90,(anonymous_426)
FN:100,(anonymous_427)
FN:110,(anonymous_428)
FN:110,(anonymous_429)
FN:120,(anonymous_430)
FN:120,(anonymous_431)
FN:130,(anonymous_432)
FN:138,(anonymous_433)
FN:172,(anonymous_434)
FN:175,(anonymous_435)
FN:185,(anonymous_436)
FN:197,(anonymous_437)
FN:200,(anonymous_438)
FN:205,(anonymous_440)
FNF:20
FNH:0
FNDA:0,(anonymous_420)
FNDA:0,(anonymous_421)
FNDA:0,(anonymous_422)
FNDA:0,(anonymous_423)
FNDA:0,(anonymous_424)
FNDA:0,(anonymous_425)
FNDA:0,(anonymous_426)
FNDA:0,(anonymous_427)
FNDA:0,(anonymous_428)
FNDA:0,(anonymous_429)
FNDA:0,(anonymous_430)
FNDA:0,(anonymous_431)
FNDA:0,(anonymous_432)
FNDA:0,(anonymous_433)
FNDA:0,(anonymous_434)
FNDA:0,(anonymous_435)
FNDA:0,(anonymous_436)
FNDA:0,(anonymous_437)
FNDA:0,(anonymous_438)
FNDA:0,(anonymous_440)
DA:6,0
DA:7,0
DA:9,0
DA:12,0
DA:16,0
DA:17,0
DA:19,0
DA:22,0
DA:25,0
DA:26,0
DA:28,0
DA:30,0
DA:31,0
DA:34,0
DA:43,0
DA:47,0
DA:48,0
DA:54,0
DA:56,0
DA:61,0
DA:64,0
DA:76,0
DA:78,0
DA:80,0
DA:82,0
DA:84,0
DA:88,0
DA:90,0
DA:94,0
DA:100,0
DA:110,0
DA:111,0
DA:113,0
DA:120,0
DA:121,0
DA:122,0
DA:126,0
DA:130,0
DA:131,0
DA:139,0
DA:140,0
DA:141,0
DA:142,0
DA:144,0
DA:145,0
DA:146,0
DA:148,0
DA:152,0
DA:155,0
DA:158,0
DA:173,0
DA:176,0
DA:178,0
DA:186,0
DA:188,0
DA:198,0
DA:201,0
DA:205,0
LF:58
LH:0
BRDA:12,0,0,0
BRDA:12,0,1,0
BRDA:19,1,0,0
BRDA:19,1,1,0
BRDA:25,2,0,0
BRDA:25,2,1,0
BRDA:30,3,0,0
BRDA:30,3,1,0
BRDA:34,4,0,0
BRDA:34,4,1,0
BRDA:36,5,0,0
BRDA:36,5,1,0
BRDA:50,6,0,0
BRDA:50,6,1,0
BRDA:56,7,0,0
BRDA:56,7,1,0
BRDA:56,8,0,0
BRDA:56,8,1,0
BRDA:64,9,0,0
BRDA:64,9,1,0
BRDA:69,10,0,0
BRDA:69,10,1,0
BRDA:76,11,0,0
BRDA:76,11,1,0
BRDA:80,12,0,0
BRDA:80,13,0,0
BRDA:82,14,0,0
BRDA:82,14,1,0
BRDA:88,15,0,0
BRDA:88,15,1,0
BRDA:94,16,0,0
BRDA:94,16,1,0
BRDA:94,16,2,0
BRDA:113,17,0,0
BRDA:113,17,1,0
BRDA:122,18,0,0
BRDA:122,18,1,0
BRDA:142,19,0,0
BRDA:142,19,1,0
BRDA:144,20,0,0
BRDA:144,20,1,0
BRDA:148,21,0,0
BRDA:148,21,1,0
BRDA:147,22,0,0
BRDA:147,22,1,0
BRDA:147,22,2,0
BRDA:178,23,0,0
BRDA:178,23,1,0
BRDA:180,24,0,0
BRDA:180,24,1,0
BRDA:188,25,0,0
BRDA:188,25,1,0
BRDA:190,26,0,0
BRDA:190,26,1,0
BRF:54
BRH:0
end_of_record
TN:
SF:dist/webpack:/SwaggerUIBundle/src/core/plugins/err/actions.js
FN:11,p
FN:18,f
FN:25,h
FN:32,d
FN:39,m
FN:46,g
FN:54,v
FN:54,(anonymous_486)
FN:60,(anonymous_488)
FNF:9
FNH:0
FNDA:0,p
FNDA:0,f
FNDA:0,h
FNDA:0,d
FNDA:0,m
FNDA:0,g
FNDA:0,v
FNDA:0,(anonymous_486)
FNDA:0,(anonymous_488)
DA:3,0
DA:4,0
DA:5,0
DA:6,0
DA:7,0
DA:8,0
DA:9,0
DA:12,0
DA:19,0
DA:26,0
DA:33,0
DA:40,0
DA:46,0
DA:48,0
DA:54,0
DA:56,0
DA:60,0
LF:17
LH:0
BRDA:46,0,0,0
BRDA:46,0,1,0
BRDA:46,1,0,0
BRDA:46,1,1,0
BRDA:54,2,0,0
BRDA:54,2,1,0
BRDA:54,3,0,0
BRDA:54,3,1,0
BRF:8
BRH:0
end_of_record
TN:
SF:dist/webpack:/SwaggerUIBundle/src/core/plugins/err/index.js
FN:5,i
FN:15,(anonymous_507)
FNF:2
FNH:0
FNDA:0,i
FNDA:0,(anonymous_507)
DA:6,0
DA:15,0
LF:2
LH:0
BRF:0
BRH:0
end_of_record
TN:
SF:dist/webpack:/SwaggerUIBundle/src/core/plugins/err/reducers.js
FN:22,v
FN:24,(anonymous_509)
FN:27,(anonymous_510)
FN:28,(anonymous_511)
FN:31,(anonymous_512)
FN:32,(anonymous_513)
FN:36,(anonymous_514)
FN:37,(anonymous_515)
FN:40,(anonymous_516)
FN:44,(anonymous_517)
FN:44,(anonymous_518)
FN:45,(anonymous_519)
FN:48,(anonymous_520)
FN:49,(anonymous_521)
FN:53,(anonymous_522)
FN:54,(anonymous_523)
FN:57,(anonymous_524)
FN:62,(anonymous_525)
FN:63,(anonymous_526)
FN:66,(anonymous_527)
FN:72,(anonymous_528)
FN:73,(anonymous_529)
FN:87,(anonymous_530)
FN:92,(anonymous_531)
FN:100,(anonymous_533)
FNF:25
FNH:0
FNDA:0,v
FNDA:0,(anonymous_509)
FNDA:0,(anonymous_510)
FNDA:0,(anonymous_511)
FNDA:0,(anonymous_512)
FNDA:0,(anonymous_513)
FNDA:0,(anonymous_514)
FNDA:0,(anonymous_515)
FNDA:0,(anonymous_516)
FNDA:0,(anonymous_517)
FNDA:0,(anonymous_518)
FNDA:0,(anonymous_519)
FNDA:0,(anonymous_520)
FNDA:0,(anonymous_521)
FNDA:0,(anonymous_522)
FNDA:0,(anonymous_523)
FNDA:0,(anonymous_524)
FNDA:0,(anonymous_525)
FNDA:0,(anonymous_526)
FNDA:0,(anonymous_527)
FNDA:0,(anonymous_528)
FNDA:0,(anonymous_529)
FNDA:0,(anonymous_530)
FNDA:0,(anonymous_531)
FNDA:0,(anonymous_533)
DA:15,0
DA:23,0
DA:24,0
DA:25,0
DA:26,0
DA:27,0
DA:28,0
DA:31,0
DA:32,0
DA:35,0
DA:36,0
DA:37,0
DA:40,0
DA:41,0
DA:43,0
DA:44,0
DA:45,0
DA:48,0
DA:49,0
DA:52,0
DA:53,0
DA:54,0
DA:57,0
DA:58,0
DA:61,0
DA:62,0
DA:63,0
DA:66,0
DA:67,0
DA:68,0
DA:71,0
DA:73,0
DA:74,0
DA:75,0
DA:77,0
DA:82,0
DA:87,0
DA:88,0
DA:89,0
DA:91,0
DA:93,0
DA:95,0
DA:100,0
LF:43
LH:0
BRDA:27,0,0,0
BRDA:27,0,1,0
BRDA:36,1,0,0
BRDA:36,1,1,0
BRDA:44,2,0,0
BRDA:44,2,1,0
BRDA:53,3,0,0
BRDA:53,3,1,0
BRDA:62,4,0,0
BRDA:62,4,1,0
BRDA:67,5,0,0
BRDA:67,5,1,0
BRDA:67,6,0,0
BRDA:67,6,1,0
BRDA:77,7,0,0
BRDA:77,7,1,0
BRDA:88,8,0,0
BRDA:88,8,1,0
BRDA:88,9,0,0
BRDA:88,9,1,0
BRF:20
BRH:0
end_of_record
TN:
SF:dist/webpack:/SwaggerUIBundle/src/core/plugins/err/selectors.js
FN:4,(anonymous_535)
FN:8,(anonymous_536)
FN:13,(anonymous_537)
FN:13,(anonymous_539)
FNF:4
FNH:0
FNDA:0,(anonymous_535)
FNDA:0,(anonymous_536)
FNDA:0,(anonymous_537)
FNDA:0,(anonymous_539)
DA:4,0
DA:6,0
DA:8,0
DA:11,0
DA:13,0
LF:5
LH:0
BRF:0
BRH:0
end_of_record
TN:
SF:dist/webpack:/SwaggerUIBundle/src/core/plugins/err/error-transformers/hook.js
FN:10,c
FN:19,(anonymous_490)
FN:22,(anonymous_491)
FN:30,(anonymous_492)
FN:31,(anonymous_493)
FN:38,(anonymous_495)
FNF:6
FNH:0
FNDA:0,c
FNDA:0,(anonymous_490)
FNDA:0,(anonymous_491)
FNDA:0,(anonymous_492)
FNDA:0,(anonymous_493)
FNDA:0,(anonymous_495)
DA:5,0
DA:15,0
DA:19,0
DA:20,0
DA:21,0
DA:22,0
DA:25,0
DA:29,0
DA:30,0
DA:31,0
DA:38,0
LF:11
LH:0
BRDA:31,0,0,0
BRDA:31,0,1,0
BRF:2
BRH:0
end_of_record
TN:
SF:dist/webpack:/SwaggerUIBundle/src/core/plugins/err/error-transformers/transformers/not-of-type.js
FN:1,p
FN:5,(anonymous_497)
FN:17,(anonymous_498)
FN:18,(anonymous_499)
FN:15,(anonymous_501)
FNF:5
FNH:0
FNDA:0,p
FNDA:0,(anonymous_497)
FNDA:0,(anonymous_498)
FNDA:0,(anonymous_499)
FNDA:0,(anonymous_501)
DA:4,0
DA:6,0
DA:7,0
DA:8,0
DA:9,0
DA:10,0
DA:12,0
DA:15,0
DA:18,0
DA:19,0
LF:10
LH:0
BRDA:8,0,0,0
BRDA:8,0,1,0
BRDA:19,1,0,0
BRDA:19,1,1,0
BRDA:19,2,0,0
BRDA:19,2,1,0
BRDA:21,3,0,0
BRDA:21,3,1,0
BRDA:21,4,0,0
BRDA:21,4,1,0
BRDA:23,5,0,0
BRDA:23,5,1,0
BRF:12
BRH:0
end_of_record
TN:
SF:dist/webpack:/SwaggerUIBundle/src/core/plugins/err/error-transformers/transformers/parameter-oneof.js
FN:4,n
FN:25,(anonymous_504)
FNF:2
FNH:0
FNDA:0,n
FNDA:0,(anonymous_504)
DA:4,0
DA:8,0
DA:25,0
LF:3
LH:0
BRF:0
BRH:0
end_of_record
TN:
SF:dist/webpack:/SwaggerUIBundle/src/core/plugins/filter/index.js
FN:3,o
FN:9,(anonymous_542)
FNF:2
FNH:0
FNDA:0,o
FNDA:0,(anonymous_542)
DA:4,0
DA:9,0
LF:2
LH:0
BRF:0
BRH:0
end_of_record
TN:
SF:dist/webpack:/SwaggerUIBundle/src/core/plugins/filter/opsFilter.js
FN:1,s
FN:2,(anonymous_544)
FN:3,(anonymous_546)
FNF:3
FNH:0
FNDA:0,s
FNDA:0,(anonymous_544)
FNDA:0,(anonymous_546)
DA:2,0
DA:3,0
LF:2
LH:0
BRF:0
BRH:0
end_of_record
TN:
SF:dist/webpack:/SwaggerUIBundle/src/core/plugins/layout/actions.js
FN:10,l
FN:17,u
FN:24,c
FN:33,p
FN:39,(anonymous_559)
FNF:5
FNH:0
FNDA:0,l
FNDA:0,u
FNDA:0,c
FNDA:0,p
FNDA:0,(anonymous_559)
DA:3,0
DA:4,0
DA:5,0
DA:6,0
DA:11,0
DA:18,0
DA:24,0
DA:26,0
DA:33,0
DA:35,0
DA:39,0
LF:11
LH:0
BRDA:24,0,0,0
BRDA:24,0,1,0
BRDA:24,1,0,0
BRDA:24,1,1,0
BRDA:33,2,0,0
BRDA:33,2,1,0
BRDA:33,3,0,0
BRDA:33,3,1,0
BRF:8
BRH:0
end_of_record
TN:
SF:dist/webpack:/SwaggerUIBundle/src/core/plugins/layout/index.js
FN:6,s
FN:19,(anonymous_562)
FNF:2
FNH:0
FNDA:0,s
FNDA:0,(anonymous_562)
DA:7,0
DA:19,0
LF:2
LH:0
BRF:0
BRH:0
end_of_record
TN:
SF:dist/webpack:/SwaggerUIBundle/src/core/plugins/layout/reducers.js
FN:11,(anonymous_563)
FN:13,(anonymous_564)
FN:15,(anonymous_565)
FN:23,(anonymous_566)
FN:26,(anonymous_567)
FN:29,(anonymous_569)
FNF:6
FNH:0
FNDA:0,(anonymous_563)
FNDA:0,(anonymous_564)
FNDA:0,(anonymous_565)
FNDA:0,(anonymous_566)
FNDA:0,(anonymous_567)
FNDA:0,(anonymous_569)
DA:9,0
DA:11,0
DA:13,0
DA:16,0
DA:19,0
DA:23,0
DA:27,0
DA:28,0
DA:29,0
LF:9
LH:0
BRDA:29,0,0,0
BRDA:29,0,1,0
BRF:2
BRH:0
end_of_record
TN:
SF:dist/webpack:/SwaggerUIBundle/src/core/plugins/layout/selectors.js
FN:7,(anonymous_574)
FN:9,(anonymous_575)
FN:11,(anonymous_576)
FN:16,(anonymous_577)
FN:5,(anonymous_578)
FN:23,(anonymous_579)
FN:23,(anonymous_581)
FNF:7
FNH:0
FNDA:0,(anonymous_574)
FNDA:0,(anonymous_575)
FNDA:0,(anonymous_576)
FNDA:0,(anonymous_577)
FNDA:0,(anonymous_578)
FNDA:0,(anonymous_579)
FNDA:0,(anonymous_581)
DA:5,0
DA:7,0
DA:9,0
DA:11,0
DA:12,0
DA:16,0
DA:18,0
DA:21,0
DA:23,0
LF:9
LH:0
BRDA:16,0,0,0
BRDA:16,0,1,0
BRDA:16,1,0,0
BRDA:16,1,1,0
BRF:4
BRH:0
end_of_record
TN:
SF:dist/webpack:/SwaggerUIBundle/src/core/plugins/layout/spec-extensions/wrap-selector.js
FN:2,(anonymous_582)
FN:2,(anonymous_583)
FN:22,(anonymous_585)
FNF:3
FNH:0
FNDA:0,(anonymous_582)
FNDA:0,(anonymous_583)
FNDA:0,(anonymous_585)
DA:2,0
DA:3,0
DA:5,0
DA:6,0
DA:7,0
DA:10,0
DA:21,0
DA:22,0
LF:8
LH:0
BRDA:2,0,0,0
BRDA:2,0,1,0
BRDA:11,1,0,0
BRDA:11,1,1,0
BRDA:11,1,2,0
BRDA:11,1,3,0
BRDA:11,1,4,0
BRDA:17,2,0,0
BRDA:17,2,1,0
BRDA:17,2,2,0
BRDA:17,2,3,0
BRF:11
BRH:0
end_of_record
TN:
SF:dist/webpack:/SwaggerUIBundle/src/core/plugins/logs/index.js
FN:1,a
FN:11,(anonymous_587)
FN:16,s
FN:28,(anonymous_590)
FNF:4
FNH:0
FNDA:0,a
FNDA:0,(anonymous_587)
FNDA:0,s
FNDA:0,(anonymous_590)
DA:1,0
DA:3,0
DA:11,0
DA:13,0
DA:14,0
DA:16,0
DA:17,0
DA:27,0
DA:28,0
LF:9
LH:0
BRDA:11,0,0,0
BRDA:11,0,1,0
BRDA:16,1,0,0
BRDA:16,1,1,0
BRDA:17,2,0,0
BRDA:17,2,1,0
BRF:6
BRH:0
end_of_record
TN:
SF:dist/webpack:/SwaggerUIBundle/src/core/plugins/oas3/actions.js
FN:16,d
FN:23,m
FN:30,(anonymous_615)
FN:38,v
FN:45,y
FN:52,b
FN:59,w
FN:66,E
FN:73,(anonymous_621)
FN:80,(anonymous_622)
FN:87,(anonymous_623)
FN:94,(anonymous_624)
FN:98,(anonymous_626)
FNF:13
FNH:0
FNDA:0,d
FNDA:0,m
FNDA:0,(anonymous_615)
FNDA:0,v
FNDA:0,y
FNDA:0,b
FNDA:0,w
FNDA:0,E
FNDA:0,(anonymous_621)
FNDA:0,(anonymous_622)
FNDA:0,(anonymous_623)
FNDA:0,(anonymous_624)
FNDA:0,(anonymous_626)
DA:4,0
DA:5,0
DA:6,0
DA:7,0
DA:8,0
DA:9,0
DA:10,0
DA:11,0
DA:12,0
DA:13,0
DA:14,0
DA:17,0
DA:23,0
DA:24,0
DA:30,0
DA:31,0
DA:38,0
DA:39,0
DA:45,0
DA:46,0
DA:52,0
DA:53,0
DA:59,0
DA:60,0
DA:66,0
DA:67,0
DA:73,0
DA:74,0
DA:80,0
DA:81,0
DA:87,0
DA:88,0
DA:94,0
DA:95,0
DA:98,0
LF:35
LH:0
BRF:0
BRH:0
end_of_record
TN:
SF:dist/webpack:/SwaggerUIBundle/src/core/plugins/oas3/index.js
FN:12,p
FN:31,(anonymous_726)
FNF:2
FNH:0
FNDA:0,p
FNDA:0,(anonymous_726)
DA:13,0
DA:31,0
LF:2
LH:0
BRF:0
BRH:0
end_of_record
TN:
SF:dist/webpack:/SwaggerUIBundle/src/core/plugins/oas3/reducers.js
FN:17,(anonymous_727)
FN:21,(anonymous_728)
FN:34,(anonymous_729)
FN:45,(anonymous_730)
FN:49,(anonymous_731)
FN:53,(anonymous_732)
FN:57,(anonymous_733)
FN:61,(anonymous_734)
FN:64,(anonymous_735)
FN:68,(anonymous_736)
FN:78,(anonymous_737)
FN:79,(anonymous_738)
FN:87,(anonymous_739)
FN:96,(anonymous_740)
FN:97,(anonymous_741)
FN:102,(anonymous_742)
FN:111,(anonymous_744)
FNF:17
FNH:0
FNDA:0,(anonymous_727)
FNDA:0,(anonymous_728)
FNDA:0,(anonymous_729)
FNDA:0,(anonymous_730)
FNDA:0,(anonymous_731)
FNDA:0,(anonymous_732)
FNDA:0,(anonymous_733)
FNDA:0,(anonymous_734)
FNDA:0,(anonymous_735)
FNDA:0,(anonymous_736)
FNDA:0,(anonymous_737)
FNDA:0,(anonymous_738)
FNDA:0,(anonymous_739)
FNDA:0,(anonymous_740)
FNDA:0,(anonymous_741)
FNDA:0,(anonymous_742)
FNDA:0,(anonymous_744)
DA:16,0
DA:17,0
DA:18,0
DA:19,0
DA:21,0
DA:22,0
DA:23,0
DA:25,0
DA:27,0
DA:28,0
DA:33,0
DA:35,0
DA:36,0
DA:43,0
DA:45,0
DA:46,0
DA:47,0
DA:49,0
DA:50,0
DA:51,0
DA:53,0
DA:54,0
DA:55,0
DA:57,0
DA:58,0
DA:59,0
DA:61,0
DA:62,0
DA:64,0
DA:65,0
DA:66,0
DA:68,0
DA:69,0
DA:71,0
DA:73,0
DA:75,0
DA:77,0
DA:78,0
DA:79,0
DA:80,0
DA:85,0
DA:87,0
DA:88,0
DA:89,0
DA:90,0
DA:92,0
DA:93,0
DA:97,0
DA:98,0
DA:102,0
DA:103,0
DA:104,0
DA:105,0
DA:111,0
LF:54
LH:0
BRDA:18,0,0,0
BRDA:18,0,1,0
BRDA:23,1,0,0
BRDA:23,1,1,0
BRDA:27,2,0,0
BRDA:27,2,1,0
BRDA:28,3,0,0
BRDA:28,3,1,0
BRDA:36,4,0,0
BRDA:36,4,1,0
BRDA:36,4,2,0
BRDA:65,5,0,0
BRDA:65,5,1,0
BRDA:71,6,0,0
BRDA:71,6,1,0
BRDA:75,7,0,0
BRDA:75,7,1,0
BRDA:75,8,0,0
BRDA:75,8,1,0
BRDA:89,9,0,0
BRDA:89,9,1,0
BRDA:93,10,0,0
BRDA:93,10,1,0
BRDA:105,11,0,0
BRDA:105,11,1,0
BRDA:108,12,0,0
BRDA:108,12,1,0
BRF:27
BRH:0
end_of_record
TN:
SF:dist/webpack:/SwaggerUIBundle/src/core/plugins/oas3/selectors.js
FN:8,m
FN:9,(anonymous_760)
FN:9,(anonymous_761)
FN:48,(anonymous_762)
FN:54,(anonymous_763)
FN:59,(anonymous_764)
FN:64,(anonymous_765)
FN:64,(anonymous_766)
FN:84,(anonymous_767)
FN:84,(anonymous_768)
FN:93,(anonymous_769)
FN:116,(anonymous_770)
FN:121,(anonymous_771)
FN:126,(anonymous_772)
FN:131,(anonymous_773)
FN:136,(anonymous_774)
FN:141,(anonymous_775)
FN:162,(anonymous_776)
FN:183,(anonymous_777)
FN:204,(anonymous_778)
FN:213,(anonymous_779)
FN:36,(anonymous_780)
FN:20,(anonymous_781)
FN:20,(anonymous_782)
FN:216,(anonymous_783)
FN:224,(anonymous_784)
FN:227,(anonymous_785)
FN:234,(anonymous_786)
FN:240,(anonymous_788)
FNF:29
FNH:0
FNDA:0,m
FNDA:0,(anonymous_760)
FNDA:0,(anonymous_761)
FNDA:0,(anonymous_762)
FNDA:0,(anonymous_763)
FNDA:0,(anonymous_764)
FNDA:0,(anonymous_765)
FNDA:0,(anonymous_766)
FNDA:0,(anonymous_767)
FNDA:0,(anonymous_768)
FNDA:0,(anonymous_769)
FNDA:0,(anonymous_770)
FNDA:0,(anonymous_771)
FNDA:0,(anonymous_772)
FNDA:0,(anonymous_773)
FNDA:0,(anonymous_774)
FNDA:0,(anonymous_775)
FNDA:0,(anonymous_776)
FNDA:0,(anonymous_777)
FNDA:0,(anonymous_778)
FNDA:0,(anonymous_779)
FNDA:0,(anonymous_780)
FNDA:0,(anonymous_781)
FNDA:0,(anonymous_782)
FNDA:0,(anonymous_783)
FNDA:0,(anonymous_784)
FNDA:0,(anonymous_785)
FNDA:0,(anonymous_786)
FNDA:0,(anonymous_788)
DA:9,0
DA:10,0
DA:11,0
DA:19,0
DA:20,0
DA:21,0
DA:22,0
DA:27,0
DA:36,0
DA:37,0
DA:48,0
DA:49,0
DA:50,0
DA:54,0
DA:55,0
DA:59,0
DA:60,0
DA:64,0
DA:65,0
DA:66,0
DA:67,0
DA:68,0
DA:69,0
DA:70,0
DA:81,0
DA:84,0
DA:85,0
DA:86,0
DA:87,0
DA:88,0
DA:89,0
DA:90,0
DA:93,0
DA:98,0
DA:99,0
DA:108,0
DA:110,0
DA:112,0
DA:116,0
DA:117,0
DA:121,0
DA:122,0
DA:126,0
DA:127,0
DA:131,0
DA:132,0
DA:136,0
DA:137,0
DA:141,0
DA:146,0
DA:147,0
DA:149,0
DA:155,0
DA:158,0
DA:162,0
DA:167,0
DA:168,0
DA:170,0
DA:176,0
DA:179,0
DA:183,0
DA:188,0
DA:189,0
DA:190,0
DA:197,0
DA:201,0
DA:202,0
DA:205,0
DA:208,0
DA:216,0
DA:217,0
DA:219,0
DA:220,0
DA:222,0
DA:225,0
DA:226,0
DA:227,0
DA:228,0
DA:235,0
DA:240,0
LF:80
LH:0
BRDA:11,0,0,0
BRDA:11,0,1,0
BRDA:49,1,0,0
BRDA:49,1,1,0
BRDA:50,2,0,0
BRDA:50,2,1,0
BRDA:55,3,0,0
BRDA:55,3,1,0
BRDA:60,4,0,0
BRDA:60,4,1,0
BRDA:67,5,0,0
BRDA:67,5,1,0
BRDA:69,6,0,0
BRDA:69,6,1,0
BRDA:87,7,0,0
BRDA:87,7,1,0
BRDA:98,8,0,0
BRDA:98,8,1,0
BRDA:91,9,0,0
BRDA:91,9,1,0
BRDA:93,10,0,0
BRDA:93,10,1,0
BRDA:95,11,0,0
BRDA:95,11,1,0
BRDA:108,12,0,0
BRDA:108,12,1,0
BRDA:117,13,0,0
BRDA:117,13,1,0
BRDA:122,14,0,0
BRDA:122,14,1,0
BRDA:127,15,0,0
BRDA:127,15,1,0
BRDA:132,16,0,0
BRDA:132,16,1,0
BRDA:137,17,0,0
BRDA:137,17,1,0
BRDA:146,18,0,0
BRDA:146,18,1,0
BRDA:148,19,0,0
BRDA:148,19,1,0
BRDA:158,20,0,0
BRDA:158,20,1,0
BRDA:167,21,0,0
BRDA:167,21,1,0
BRDA:169,22,0,0
BRDA:169,22,1,0
BRDA:179,23,0,0
BRDA:179,23,1,0
BRDA:188,24,0,0
BRDA:188,24,1,0
BRDA:191,25,0,0
BRDA:191,25,1,0
BRDA:201,26,0,0
BRDA:201,26,1,0
BRDA:37,27,0,0
BRDA:37,27,1,0
BRDA:22,28,0,0
BRDA:22,28,1,0
BRDA:27,29,0,0
BRDA:27,29,1,0
BRDA:219,30,0,0
BRDA:219,30,1,0
BRDA:225,31,0,0
BRDA:225,31,1,0
BRDA:228,32,0,0
BRDA:228,32,1,0
BRDA:235,33,0,0
BRDA:235,33,1,0
BRF:68
BRH:0
end_of_record
TN:
SF:dist/webpack:/SwaggerUIBundle/src/core/plugins/oas3/auth-extensions/wrap-selectors.js
FN:8,(anonymous_627)
FN:26,(anonymous_628)
FN:27,(anonymous_629)
FN:36,(anonymous_630)
FN:40,(anonymous_631)
FN:51,(anonymous_632)
FN:67,(anonymous_633)
FN:70,(anonymous_634)
FN:82,(anonymous_635)
FN:11,(anonymous_636)
FN:11,(anonymous_637)
FN:10,(anonymous_639)
FNF:12
FNH:0
FNDA:0,(anonymous_627)
FNDA:0,(anonymous_628)
FNDA:0,(anonymous_629)
FNDA:0,(anonymous_630)
FNDA:0,(anonymous_631)
FNDA:0,(anonymous_632)
FNDA:0,(anonymous_633)
FNDA:0,(anonymous_634)
FNDA:0,(anonymous_635)
FNDA:0,(anonymous_636)
FNDA:0,(anonymous_637)
FNDA:0,(anonymous_639)
DA:8,0
DA:10,0
DA:11,0
DA:12,0
DA:13,0
DA:15,0
DA:17,0
DA:19,0
DA:26,0
DA:30,0
DA:32,0
DA:36,0
DA:37,0
DA:40,0
DA:41,0
DA:50,0
DA:51,0
DA:64,0
DA:65,0
DA:66,0
DA:67,0
DA:69,0
DA:70,0
DA:72,0
DA:81,0
DA:82,0
LF:26
LH:0
BRDA:32,0,0,0
BRDA:32,0,1,0
BRDA:64,1,0,0
BRDA:64,1,1,0
BRDA:39,2,0,0
BRDA:39,2,1,0
BRDA:59,3,0,0
BRDA:59,3,1,0
BRDA:59,3,2,0
BRDA:64,4,0,0
BRDA:64,4,1,0
BRDA:66,5,0,0
BRDA:66,5,1,0
BRDA:69,6,0,0
BRDA:69,6,1,0
BRDA:13,7,0,0
BRDA:13,7,1,0
BRF:17
BRH:0
end_of_record
TN:
SF:dist/webpack:/SwaggerUIBundle/src/core/plugins/oas3/components/index.js
FN:18,(anonymous_657)
FNF:1
FNH:0
FNDA:0,(anonymous_657)
DA:10,0
DA:18,0
LF:2
LH:0
BRF:0
BRH:0
end_of_record
TN:
SF:dist/webpack:/SwaggerUIBundle/src/core/plugins/oas3/spec-extensions/selectors.js
FN:19,(anonymous_790)
FN:25,(anonymous_791)
FN:30,(anonymous_792)
FN:33,(anonymous_793)
FN:44,(anonymous_794)
FN:9,(anonymous_795)
FN:9,(anonymous_796)
FN:47,(anonymous_797)
FN:47,(anonymous_798)
FN:49,(anonymous_800)
FNF:10
FNH:0
FNDA:0,(anonymous_790)
FNDA:0,(anonymous_791)
FNDA:0,(anonymous_792)
FNDA:0,(anonymous_793)
FNDA:0,(anonymous_794)
FNDA:0,(anonymous_795)
FNDA:0,(anonymous_796)
FNDA:0,(anonymous_797)
FNDA:0,(anonymous_798)
FNDA:0,(anonymous_800)
DA:8,0
DA:9,0
DA:10,0
DA:11,0
DA:12,0
DA:14,0
DA:19,0
DA:20,0
DA:23,0
DA:25,0
DA:28,0
DA:30,0
DA:34,0
DA:37,0
DA:44,0
DA:47,0
DA:48,0
DA:49,0
LF:18
LH:0
BRDA:20,0,0,0
BRDA:20,0,1,0
BRDA:35,1,0,0
BRDA:35,1,1,0
BRDA:44,2,0,0
BRDA:44,2,1,0
BRDA:11,3,0,0
BRDA:11,3,1,0
BRDA:9,4,0,0
BRDA:9,4,1,0
BRF:10
BRH:0
end_of_record
TN:
SF:dist/webpack:/SwaggerUIBundle/src/core/plugins/oas3/spec-extensions/wrap-selectors.js
FN:9,s
FN:10,(anonymous_812)
FN:10,(anonymous_813)
FN:20,(anonymous_814)
FN:24,(anonymous_815)
FN:30,(anonymous_816)
FN:35,(anonymous_817)
FN:38,(anonymous_818)
FN:49,(anonymous_819)
FN:55,(anonymous_820)
FN:61,(anonymous_821)
FN:74,(anonymous_822)
FN:77,(anonymous_823)
FN:77,(anonymous_824)
FN:82,(anonymous_825)
FN:82,(anonymous_826)
FN:84,(anonymous_828)
FNF:17
FNH:0
FNDA:0,s
FNDA:0,(anonymous_812)
FNDA:0,(anonymous_813)
FNDA:0,(anonymous_814)
FNDA:0,(anonymous_815)
FNDA:0,(anonymous_816)
FNDA:0,(anonymous_817)
FNDA:0,(anonymous_818)
FNDA:0,(anonymous_819)
FNDA:0,(anonymous_820)
FNDA:0,(anonymous_821)
FNDA:0,(anonymous_822)
FNDA:0,(anonymous_823)
FNDA:0,(anonymous_824)
FNDA:0,(anonymous_825)
FNDA:0,(anonymous_826)
FNDA:0,(anonymous_828)
DA:10,0
DA:11,0
DA:12,0
DA:20,0
DA:21,0
DA:24,0
DA:26,0
DA:28,0
DA:30,0
DA:33,0
DA:35,0
DA:38,0
DA:39,0
DA:42,0
DA:47,0
DA:50,0
DA:51,0
DA:55,0
DA:56,0
DA:59,0
DA:61,0
DA:64,0
DA:65,0
DA:66,0
DA:67,0
DA:68,0
DA:72,0
DA:74,0
DA:77,0
DA:78,0
DA:79,0
DA:82,0
DA:83,0
DA:84,0
LF:34
LH:0
BRDA:12,0,0,0
BRDA:12,0,1,0
BRDA:21,1,0,0
BRDA:21,1,1,0
BRDA:40,2,0,0
BRDA:40,2,1,0
BRDA:51,3,0,0
BRDA:51,3,1,0
BRDA:61,4,0,0
BRDA:61,4,1,0
BRDA:74,5,0,0
BRDA:74,5,1,0
BRDA:79,6,0,0
BRDA:79,6,1,0
BRDA:84,7,0,0
BRDA:84,7,1,0
BRF:16
BRH:0
end_of_record
TN:
SF:dist/webpack:/SwaggerUIBundle/src/core/plugins/oas3/wrap-components/index.js
FN:14,(anonymous_833)
FNF:1
FNH:0
FNDA:0,(anonymous_833)
DA:8,0
DA:14,0
LF:2
LH:0
BRF:0
BRH:0
end_of_record
TN:
SF:dist/webpack:/SwaggerUIBundle/src/core/plugins/oas3/wrap-components/online-validator-badge.js
FN:5,(anonymous_847)
FNF:1
FNH:0
FNDA:0,(anonymous_847)
DA:5,0
LF:1
LH:0
BRF:0
BRH:0
end_of_record
TN:
SF:dist/webpack:/SwaggerUIBundle/src/core/plugins/on-complete/index.js
FN:3,i
FN:9,(anonymous_852)
FN:9,(anonymous_853)
FN:13,(anonymous_854)
FN:13,(anonymous_855)
FN:28,(anonymous_857)
FNF:6
FNH:0
FNDA:0,i
FNDA:0,(anonymous_852)
FNDA:0,(anonymous_853)
FNDA:0,(anonymous_854)
FNDA:0,(anonymous_855)
FNDA:0,(anonymous_857)
DA:1,0
DA:5,0
DA:9,0
DA:11,0
DA:13,0
DA:14,0
DA:22,0
DA:28,0
LF:8
LH:0
BRDA:15,0,0,0
BRDA:15,0,1,0
BRDA:15,0,2,0
BRF:3
BRH:0
end_of_record
TN:
SF:dist/webpack:/SwaggerUIBundle/src/core/plugins/request-snippets/fn.js
FN:10,(anonymous_860)
FN:18,(anonymous_861)
FN:30,(anonymous_862)
FN:47,(anonymous_863)
FN:63,_
FN:76,(anonymous_865)
FN:79,(anonymous_866)
FN:80,(anonymous_867)
FN:81,(anonymous_868)
FN:82,(anonymous_869)
FN:148,(anonymous_870)
FN:153,(anonymous_871)
FN:158,(anonymous_872)
FN:159,(anonymous_874)
FNF:14
FNH:0
FNDA:0,(anonymous_860)
FNDA:0,(anonymous_861)
FNDA:0,(anonymous_862)
FNDA:0,(anonymous_863)
FNDA:0,_
FNDA:0,(anonymous_865)
FNDA:0,(anonymous_866)
FNDA:0,(anonymous_867)
FNDA:0,(anonymous_868)
FNDA:0,(anonymous_869)
FNDA:0,(anonymous_870)
FNDA:0,(anonymous_871)
FNDA:0,(anonymous_872)
FNDA:0,(anonymous_874)
DA:10,0
DA:11,0
DA:12,0
DA:18,0
DA:19,0
DA:30,0
DA:36,0
DA:47,0
DA:48,0
DA:64,0
DA:65,0
DA:66,0
DA:67,0
DA:73,0
DA:76,0
DA:77,0
DA:78,0
DA:79,0
DA:80,0
DA:81,0
DA:82,0
DA:83,0
DA:96,0
DA:97,0
DA:98,0
DA:100,0
DA:101,0
DA:106,0
DA:107,0
DA:108,0
DA:109,0
DA:110,0
DA:111,0
DA:120,0
DA:121,0
DA:125,0
DA:128,0
DA:129,0
DA:138,0
DA:144,0
DA:148,0
DA:149,0
DA:153,0
DA:154,0
DA:158,0
DA:159,0
LF:46
LH:0
BRDA:12,0,0,0
BRDA:12,0,1,0
BRDA:19,1,0,0
BRDA:19,1,1,0
BRDA:19,2,0,0
BRDA:19,2,1,0
BRDA:36,3,0,0
BRDA:36,3,1,0
BRDA:41,4,0,0
BRDA:41,4,1,0
BRDA:48,5,0,0
BRDA:48,5,1,0
BRDA:51,6,0,0
BRDA:51,6,1,0
BRDA:55,7,0,0
BRDA:55,7,1,0
BRDA:67,8,0,0
BRDA:67,8,1,0
BRDA:68,9,0,0
BRDA:68,9,1,0
BRDA:76,10,0,0
BRDA:76,10,1,0
BRDA:76,11,0,0
BRDA:76,11,1,0
BRDA:82,12,0,0
BRDA:82,12,1,0
BRDA:82,13,0,0
BRDA:82,13,1,0
BRDA:96,14,0,0
BRDA:96,14,1,0
BRDA:86,15,0,0
BRDA:86,15,1,0
BRDA:96,16,0,0
BRDA:96,16,1,0
BRDA:102,17,0,0
BRDA:102,17,1,0
BRDA:102,17,2,0
BRDA:107,18,0,0
BRDA:107,18,1,0
BRDA:108,19,0,0
BRDA:108,19,1,0
BRDA:108,20,0,0
BRDA:108,20,1,0
BRDA:114,21,0,0
BRDA:114,21,1,0
BRDA:115,22,0,0
BRDA:115,22,1,0
BRDA:120,23,0,0
BRDA:120,23,1,0
BRDA:129,24,0,0
BRDA:129,24,1,0
BRDA:130,25,0,0
BRDA:130,25,1,0
BRDA:138,26,0,0
BRDA:138,26,1,0
BRDA:138,26,2,0
BRF:56
BRH:0
end_of_record
TN:
SF:dist/webpack:/SwaggerUIBundle/src/core/plugins/request-snippets/index.js
FN:4,(anonymous_875)
FN:12,(anonymous_877)
FNF:2
FNH:0
FNDA:0,(anonymous_875)
FNDA:0,(anonymous_877)
DA:4,0
DA:5,0
DA:12,0
LF:3
LH:0
BRF:0
BRH:0
end_of_record
TN:
SF:dist/webpack:/SwaggerUIBundle/src/core/plugins/request-snippets/selectors.js
FN:4,(anonymous_898)
FN:8,(anonymous_899)
FN:17,(anonymous_900)
FN:21,(anonymous_901)
FN:21,(anonymous_902)
FN:24,(anonymous_903)
FN:22,(anonymous_904)
FN:32,(anonymous_905)
FN:37,(anonymous_906)
FN:43,(anonymous_907)
FN:44,(anonymous_909)
FNF:11
FNH:0
FNDA:0,(anonymous_898)
FNDA:0,(anonymous_899)
FNDA:0,(anonymous_900)
FNDA:0,(anonymous_901)
FNDA:0,(anonymous_902)
FNDA:0,(anonymous_903)
FNDA:0,(anonymous_904)
FNDA:0,(anonymous_905)
FNDA:0,(anonymous_906)
FNDA:0,(anonymous_907)
FNDA:0,(anonymous_909)
DA:4,0
DA:6,0
DA:9,0
DA:11,0
DA:13,0
DA:17,0
DA:21,0
DA:22,0
DA:23,0
DA:26,0
DA:32,0
DA:35,0
DA:37,0
DA:41,0
DA:43,0
DA:44,0
LF:16
LH:0
BRDA:4,0,0,0
BRDA:4,0,1,0
BRDA:13,1,0,0
BRDA:13,1,1,0
BRDA:13,2,0,0
BRDA:13,2,1,0
BRDA:26,3,0,0
BRDA:26,3,1,0
BRF:8
BRH:0
end_of_record
TN:
SF:dist/webpack:/SwaggerUIBundle/src/core/plugins/safe-render/index.js
FN:7,(anonymous_927)
FN:7,(anonymous_928)
FN:26,(anonymous_929)
FN:40,(anonymous_931)
FNF:4
FNH:0
FNDA:0,(anonymous_927)
FNDA:0,(anonymous_928)
FNDA:0,(anonymous_929)
FNDA:0,(anonymous_931)
DA:7,0
DA:25,0
DA:26,0
DA:27,0
DA:29,0
DA:40,0
LF:6
LH:0
BRDA:7,0,0,0
BRDA:7,1,0,0
BRDA:7,2,0,0
BRDA:7,2,1,0
BRDA:7,3,0,0
BRDA:7,3,1,0
BRDA:25,4,0,0
BRDA:25,4,1,0
BRF:8
BRH:0
end_of_record
TN:
SF:dist/webpack:/SwaggerUIBundle/src/core/plugins/samples/fn.js
FN:19,(anonymous_937)
FN:8,(anonymous_938)
FN:20,(anonymous_939)
FN:21,(anonymous_940)
FN:22,(anonymous_941)
FN:23,(anonymous_942)
FN:24,(anonymous_943)
FN:25,(anonymous_944)
FN:26,(anonymous_945)
FN:27,(anonymous_946)
FN:28,(anonymous_947)
FN:29,(anonymous_948)
FN:30,(anonymous_949)
FN:33,(anonymous_950)
FN:47,(anonymous_951)
FN:47,(anonymous_952)
FN:60,(anonymous_953)
FN:61,(anonymous_954)
FN:77,(anonymous_955)
FN:83,(anonymous_956)
FN:130,(anonymous_957)
FN:204,(anonymous_958)
FN:204,(anonymous_959)
FN:234,(anonymous_960)
FN:252,(anonymous_961)
FN:256,(anonymous_962)
FN:262,(anonymous_963)
FN:268,(anonymous_964)
FN:269,(anonymous_965)
FN:277,(anonymous_966)
FN:284,(anonymous_967)
FN:298,(anonymous_968)
FN:345,(anonymous_969)
FN:420,(anonymous_970)
FN:541,(anonymous_971)
FN:543,(anonymous_972)
FN:609,(anonymous_973)
FN:620,(anonymous_974)
FN:629,(anonymous_975)
FN:632,(anonymous_976)
FN:636,(anonymous_978)
FNF:41
FNH:0
FNDA:0,(anonymous_937)
FNDA:0,(anonymous_938)
FNDA:0,(anonymous_939)
FNDA:0,(anonymous_940)
FNDA:0,(anonymous_941)
FNDA:0,(anonymous_942)
FNDA:0,(anonymous_943)
FNDA:0,(anonymous_944)
FNDA:0,(anonymous_945)
FNDA:0,(anonymous_946)
FNDA:0,(anonymous_947)
FNDA:0,(anonymous_948)
FNDA:0,(anonymous_949)
FNDA:0,(anonymous_950)
FNDA:0,(anonymous_951)
FNDA:0,(anonymous_952)
FNDA:0,(anonymous_953)
FNDA:0,(anonymous_954)
FNDA:0,(anonymous_955)
FNDA:0,(anonymous_956)
FNDA:0,(anonymous_957)
FNDA:0,(anonymous_958)
FNDA:0,(anonymous_959)
FNDA:0,(anonymous_960)
FNDA:0,(anonymous_961)
FNDA:0,(anonymous_962)
FNDA:0,(anonymous_963)
FNDA:0,(anonymous_964)
FNDA:0,(anonymous_965)
FNDA:0,(anonymous_966)
FNDA:0,(anonymous_967)
FNDA:0,(anonymous_968)
FNDA:0,(anonymous_969)
FNDA:0,(anonymous_970)
FNDA:0,(anonymous_971)
FNDA:0,(anonymous_972)
FNDA:0,(anonymous_973)
FNDA:0,(anonymous_974)
FNDA:0,(anonymous_975)
FNDA:0,(anonymous_976)
FNDA:0,(anonymous_978)
DA:9,0
DA:11,0
DA:14,0
DA:18,0
DA:19,0
DA:20,0
DA:21,0
DA:22,0
DA:23,0
DA:24,0
DA:25,0
DA:26,0
DA:27,0
DA:28,0
DA:29,0
DA:30,0
DA:33,0
DA:34,0
DA:35,0
DA:37,0
DA:39,0
DA:47,0
DA:48,0
DA:50,0
DA:51,0
DA:52,0
DA:58,0
DA:60,0
DA:61,0
DA:77,0
DA:79,0
DA:84,0
DA:90,0
DA:91,0
DA:94,0
DA:95,0
DA:96,0
DA:99,0
DA:102,0
DA:105,0
DA:108,0
DA:109,0
DA:127,0
DA:130,0
DA:131,0
DA:133,0
DA:135,0
DA:136,0
DA:137,0
DA:138,0
DA:146,0
DA:147,0
DA:148,0
DA:149,0
DA:152,0
DA:153,0
DA:154,0
DA:157,0
DA:160,0
DA:163,0
DA:166,0
DA:167,0
DA:179,0
DA:180,0
DA:181,0
DA:182,0
DA:183,0
DA:185,0
DA:188,0
DA:195,0
DA:200,0
DA:204,0
DA:206,0
DA:234,0
DA:235,0
DA:238,0
DA:239,0
DA:240,0
DA:241,0
DA:244,0
DA:248,0
DA:250,0
DA:252,0
DA:256,0
DA:257,0
DA:258,0
DA:260,0
DA:261,0
DA:262,0
DA:268,0
DA:269,0
DA:274,0
DA:277,0
DA:278,0
DA:284,0
DA:298,0
DA:299,0
DA:303,0
DA:304,0
DA:307,0
DA:308,0
DA:320,0
DA:322,0
DA:323,0
DA:332,0
DA:333,0
DA:346,0
DA:349,0
DA:356,0
DA:357,0
DA:358,0
DA:359,0
DA:363,0
DA:365,0
DA:370,0
DA:381,0
DA:383,0
DA:384,0
DA:387,0
DA:388,0
DA:391,0
DA:392,0
DA:395,0
DA:405,0
DA:406,0
DA:407,0
DA:408,0
DA:410,0
DA:412,0
DA:415,0
DA:419,0
DA:420,0
DA:431,0
DA:435,0
DA:437,0
DA:438,0
DA:440,0
DA:441,0
DA:460,0
DA:464,0
DA:469,0
DA:470,0
DA:471,0
DA:489,0
DA:490,0
DA:493,0
DA:494,0
DA:500,0
DA:501,0
DA:502,0
DA:504,0
DA:506,0
DA:508,0
DA:511,0
DA:512,0
DA:513,0
DA:515,0
DA:516,0
DA:517,0
DA:520,0
DA:522,0
DA:526,0
DA:529,0
DA:530,0
DA:531,0
DA:535,0
DA:536,0
DA:540,0
DA:541,0
DA:542,0
DA:543,0
DA:544,0
DA:545,0
DA:547,0
DA:550,0
DA:561,0
DA:563,0
DA:564,0
DA:567,0
DA:568,0
DA:569,0
DA:575,0
DA:576,0
DA:583,0
DA:588,0
DA:589,0
DA:590,0
DA:595,0
DA:597,0
DA:601,0
DA:609,0
DA:610,0
DA:620,0
DA:621,0
DA:622,0
DA:623,0
DA:629,0
DA:630,0
DA:632,0
DA:634,0
DA:636,0
LF:201
LH:0
BRDA:19,0,0,0
BRDA:19,0,1,0
BRDA:30,1,0,0
BRDA:30,1,1,0
BRDA:37,2,0,0
BRDA:37,2,1,0
BRDA:39,3,0,0
BRDA:39,3,1,0
BRDA:48,4,0,0
BRDA:48,4,1,0
BRDA:60,5,0,0
BRDA:60,5,1,0
BRDA:60,6,0,0
BRDA:60,6,1,0
BRDA:61,7,0,0
BRDA:61,7,1,0
BRDA:61,7,2,0
BRDA:79,8,0,0
BRDA:79,8,1,0
BRDA:77,9,0,0
BRDA:77,9,1,0
BRDA:79,10,0,0
BRDA:79,10,1,0
BRDA:79,10,2,0
BRDA:84,11,0,0
BRDA:84,11,1,0
BRDA:90,12,0,0
BRDA:90,12,1,0
BRDA:91,13,0,0
BRDA:91,13,1,0
BRDA:96,14,0,0
BRDA:96,14,1,0
BRDA:99,15,0,0
BRDA:99,15,1,0
BRDA:99,16,0,0
BRDA:99,16,1,0
BRDA:102,17,0,0
BRDA:102,17,1,0
BRDA:102,18,0,0
BRDA:102,18,1,0
BRDA:102,18,2,0
BRDA:105,19,0,0
BRDA:105,19,1,0
BRDA:105,20,0,0
BRDA:105,20,1,0
BRDA:105,20,2,0
BRDA:108,21,0,0
BRDA:108,21,1,0
[...]
DA:197,0
DA:199,0
DA:207,0
DA:210,0
DA:213,0
DA:215,0
DA:220,0
DA:221,0
DA:222,0
DA:228,0
DA:235,0
DA:241,0
DA:247,0
DA:250,0
DA:253,0
DA:256,0
DA:257,0
DA:270,0
DA:277,0
DA:283,0
DA:284,0
DA:290,0
DA:291,0
DA:300,0
DA:301,0
DA:310,0
DA:311,0
DA:323,0
DA:330,0
DA:337,0
DA:343,0
DA:344,0
DA:350,0
DA:351,0
DA:357,0
DA:358,0
DA:365,0
DA:366,0
DA:374,0
DA:375,0
DA:376,0
DA:377,0
DA:380,0
DA:384,0
DA:386,0
DA:388,0
DA:389,0
DA:390,0
DA:411,0
DA:412,0
DA:414,0
DA:416,0
DA:420,0
DA:422,0
DA:426,0
DA:427,0
DA:429,0
DA:430,0
DA:433,0
DA:440,0
DA:447,0
DA:451,0
DA:452,0
DA:457,0
DA:458,0
DA:460,0
DA:463,0
DA:467,0
DA:470,0
DA:472,0
DA:478,0
DA:491,0
DA:492,0
DA:493,0
DA:494,0
DA:495,0
DA:496,0
DA:497,0
DA:499,0
DA:512,0
DA:519,0
DA:526,0
DA:530,0
LF:144
LH:0
BRDA:34,0,0,0
BRDA:34,0,1,0
BRDA:35,1,0,0
BRDA:35,1,1,0
BRDA:63,2,0,0
BRDA:63,2,1,0
BRDA:73,3,0,0
BRDA:73,3,1,0
BRDA:73,4,0,0
BRDA:73,4,1,0
BRDA:76,5,0,0
BRDA:76,5,1,0
BRDA:76,6,0,0
BRDA:76,6,1,0
BRDA:84,7,0,0
BRDA:85,8,0,0
BRDA:85,8,1,0
BRDA:95,9,0,0
BRDA:95,9,1,0
BRDA:98,10,0,0
BRDA:98,10,1,0
BRDA:104,11,0,0
BRDA:104,11,1,0
BRDA:120,12,0,0
BRDA:120,12,1,0
BRDA:118,13,0,0
BRDA:118,13,1,0
BRDA:124,14,0,0
BRDA:124,14,1,0
BRDA:125,15,0,0
BRDA:125,15,1,0
BRDA:144,16,0,0
BRDA:144,16,1,0
BRDA:154,17,0,0
BRDA:160,18,0,0
BRDA:160,18,1,0
BRDA:165,19,0,0
BRDA:165,19,1,0
BRDA:196,20,0,0
BRDA:196,20,1,0
BRDA:187,21,0,0
BRDA:187,21,1,0
BRDA:190,22,0,0
BRDA:190,22,1,0
BRDA:190,22,2,0
BRDA:192,23,0,0
BRDA:192,23,1,0
BRDA:192,24,0,0
BRDA:192,24,1,0
BRDA:199,25,0,0
BRDA:199,25,1,0
BRDA:200,26,0,0
BRDA:200,26,1,0
BRDA:210,27,0,0
BRDA:210,27,1,0
BRDA:210,27,2,0
BRDA:210,27,3,0
BRDA:210,27,4,0
BRDA:222,28,0,0
BRDA:222,28,1,0
BRDA:222,29,0,0
BRDA:222,29,1,0
BRDA:240,30,0,0
BRDA:240,30,1,0
BRDA:253,31,0,0
BRDA:253,31,1,0
BRDA:384,32,0,0
BRDA:384,32,1,0
BRDA:384,32,2,0
BRDA:386,33,0,0
BRDA:386,33,1,0
BRDA:388,34,0,0
BRDA:388,34,1,0
BRDA:389,35,0,0
BRDA:389,35,1,0
BRDA:390,36,0,0
BRDA:390,36,1,0
BRDA:390,36,2,0
BRDA:390,36,3,0
BRDA:411,37,0,0
BRDA:411,37,1,0
BRDA:405,38,0,0
BRDA:405,38,1,0
BRDA:405,39,0,0
BRDA:405,39,1,0
BRDA:407,40,0,0
BRDA:407,40,1,0
BRDA:407,40,2,0
BRDA:407,40,3,0
BRDA:414,41,0,0
BRDA:414,41,1,0
BRDA:422,42,0,0
BRDA:422,42,1,0
BRDA:425,43,0,0
BRDA:425,43,1,0
BRDA:429,44,0,0
BRDA:429,44,1,0
BRDA:429,45,0,0
BRDA:429,45,1,0
BRDA:433,46,0,0
BRDA:433,46,1,0
BRDA:440,47,0,0
BRDA:440,47,1,0
BRDA:440,48,0,0
BRDA:440,48,1,0
BRDA:478,49,0,0
BRDA:478,49,1,0
BRDA:491,50,0,0
BRDA:491,50,1,0
BRDA:491,51,0,0
BRDA:491,51,1,0
BRDA:120,52,0,0
BRDA:120,52,1,0
BRDA:196,53,0,0
BRDA:196,53,1,0
BRDA:256,54,0,0
BRDA:256,54,1,0
BRDA:384,55,0,0
BRDA:384,55,1,0
BRDA:384,55,2,0
BRDA:440,56,0,0
BRDA:440,56,1,0
BRF:122
BRH:0
end_of_record
TN:
SF:dist/webpack:/swagger-ui/src/core/plugins/spec/index.js
FN:6,o
FN:17,(anonymous_874)
FNF:2
FNH:0
FNDA:0,o
FNDA:0,(anonymous_874)
DA:7,0
DA:17,0
LF:2
LH:0
BRF:0
BRH:0
end_of_record
TN:
SF:dist/webpack:/swagger-ui/src/core/plugins/spec/reducers.js
FN:34,(anonymous_875)
FN:40,(anonymous_876)
FN:44,(anonymous_877)
FN:48,(anonymous_878)
FN:52,(anonymous_879)
FN:57,(anonymous_880)
FN:70,(anonymous_881)
FN:86,(anonymous_882)
FN:90,(anonymous_883)
FN:91,(anonymous_884)
FN:102,(anonymous_885)
FN:103,(anonymous_886)
FN:104,(anonymous_887)
FN:108,(anonymous_888)
FN:133,(anonymous_889)
FN:137,(anonymous_890)
FN:141,(anonymous_891)
FN:158,(anonymous_892)
FN:162,(anonymous_893)
FN:166,(anonymous_894)
FN:173,(anonymous_896)
FNF:21
FNH:0
FNDA:0,(anonymous_875)
FNDA:0,(anonymous_876)
FNDA:0,(anonymous_877)
FNDA:0,(anonymous_878)
FNDA:0,(anonymous_879)
FNDA:0,(anonymous_880)
FNDA:0,(anonymous_881)
FNDA:0,(anonymous_882)
FNDA:0,(anonymous_883)
FNDA:0,(anonymous_884)
FNDA:0,(anonymous_885)
FNDA:0,(anonymous_886)
FNDA:0,(anonymous_887)
FNDA:0,(anonymous_888)
FNDA:0,(anonymous_889)
FNDA:0,(anonymous_890)
FNDA:0,(anonymous_891)
FNDA:0,(anonymous_892)
FNDA:0,(anonymous_893)
FNDA:0,(anonymous_894)
FNDA:0,(anonymous_896)
DA:32,0
DA:35,0
DA:41,0
DA:45,0
DA:49,0
DA:53,0
DA:54,0
DA:57,0
DA:58,0
DA:60,0
DA:62,0
DA:64,0
DA:70,0
DA:71,0
DA:73,0
DA:75,0
DA:78,0
DA:80,0
DA:86,0
DA:87,0
DA:88,0
DA:90,0
DA:91,0
DA:92,0
DA:93,0
DA:94,0
DA:98,0
DA:102,0
DA:103,0
DA:104,0
DA:108,0
DA:111,0
DA:124,0
DA:130,0
DA:133,0
DA:134,0
DA:137,0
DA:138,0
DA:141,0
DA:143,0
DA:144,0
DA:146,0
DA:158,0
DA:159,0
DA:162,0
DA:163,0
DA:166,0
DA:167,0
DA:173,0
LF:49
LH:0
BRDA:35,0,0,0
BRDA:35,0,1,0
BRDA:60,1,0,0
BRDA:60,1,1,0
BRDA:62,2,0,0
BRDA:62,2,1,0
BRDA:73,3,0,0
BRDA:73,3,1,0
BRDA:73,4,0,0
BRDA:73,4,1,0
BRDA:110,5,0,0
BRDA:110,5,1,0
BRDA:122,6,0,0
BRDA:122,6,1,0
BRDA:127,7,0,0
BRDA:127,7,1,0
BRDA:127,7,2,0
BRDA:147,8,0,0
BRDA:147,8,1,0
BRDA:147,9,0,0
BRDA:147,9,1,0
BRDA:147,9,2,0
BRDA:167,10,0,0
BRDA:167,10,1,0
BRDA:167,11,0,0
BRDA:167,11,1,0
BRDA:171,12,0,0
BRDA:171,12,1,0
BRDA:171,13,0,0
BRDA:171,13,1,0
BRDA:110,14,0,0
BRDA:110,14,1,0
BRF:32
BRH:0
end_of_record
TN:
SF:dist/webpack:/swagger-ui/src/core/plugins/spec/selectors.js
FN:12,(anonymous_952)
FN:18,(anonymous_953)
FN:23,(anonymous_954)
FN:28,(anonymous_955)
FN:33,(anonymous_956)
FN:38,(anonymous_957)
FN:43,(anonymous_958)
FN:46,(anonymous_959)
FN:50,(anonymous_960)
FN:70,(anonymous_961)
FN:78,(anonymous_962)
FN:89,(anonymous_963)
FN:94,(anonymous_964)
FN:99,(anonymous_965)
FN:104,(anonymous_966)
FN:109,(anonymous_967)
FN:114,(anonymous_968)
FN:119,(anonymous_969)
FN:129,(anonymous_970)
FN:133,(anonymous_971)
FN:152,(anonymous_972)
FN:157,(anonymous_973)
FN:162,(anonymous_974)
FN:167,(anonymous_975)
FN:171,(anonymous_976)
FN:179,(anonymous_977)
FN:187,(anonymous_978)
FN:192,(anonymous_979)
FN:197,(anonymous_980)
FN:204,(anonymous_981)
FN:205,(anonymous_982)
FN:205,(anonymous_983)
FN:208,(anonymous_984)
FN:210,(anonymous_985)
FN:213,(anonymous_986)
FN:228,(anonymous_987)
FN:230,(anonymous_988)
FN:234,(anonymous_989)
FN:236,(anonymous_990)
FN:242,(anonymous_991)
FN:243,(anonymous_992)
FN:246,(anonymous_993)
FN:247,(anonymous_994)
FN:247,(anonymous_995)
FN:248,(anonymous_996)
FN:254,(anonymous_997)
FN:254,(anonymous_998)
FN:258,(anonymous_999)
FN:259,(anonymous_1000)
FN:264,(anonymous_1001)
FN:274,(anonymous_1002)
FN:279,(anonymous_1003)
FN:284,(anonymous_1004)
FN:287,(anonymous_1005)
FN:291,(anonymous_1006)
FN:295,(anonymous_1007)
FN:299,(anonymous_1008)
FN:304,(anonymous_1009)
FN:308,(anonymous_1010)
FN:317,(anonymous_1011)
FN:320,(anonymous_1012)
FN:326,(anonymous_1013)
FN:328,(anonymous_1014)
FN:332,(anonymous_1015)
FN:336,(anonymous_1016)
FN:346,se
FN:349,(anonymous_1018)
FN:356,(anonymous_1019)
FN:363,ie
FN:366,(anonymous_1021)
FN:373,ue
FN:375,(anonymous_1023)
FN:380,ce
FN:382,(anonymous_1025)
FN:387,de
FN:409,pe
FN:427,fe
FN:448,he
FN:468,(anonymous_1030)
FN:476,(anonymous_1031)
FN:480,(anonymous_1032)
FN:485,(anonymous_1033)
FN:488,(anonymous_1034)
FN:495,(anonymous_1035)
FN:499,(anonymous_1036)
FN:511,(anonymous_1037)
FN:521,(anonymous_1038)
FN:535,Se
FN:538,(anonymous_1041)
FNF:89
FNH:0
FNDA:0,(anonymous_952)
FNDA:0,(anonymous_953)
FNDA:0,(anonymous_954)
FNDA:0,(anonymous_955)
FNDA:0,(anonymous_956)
FNDA:0,(anonymous_957)
FNDA:0,(anonymous_958)
FNDA:0,(anonymous_959)
FNDA:0,(anonymous_960)
FNDA:0,(anonymous_961)
FNDA:0,(anonymous_962)
FNDA:0,(anonymous_963)
FNDA:0,(anonymous_964)
FNDA:0,(anonymous_965)
FNDA:0,(anonymous_966)
FNDA:0,(anonymous_967)
FNDA:0,(anonymous_968)
FNDA:0,(anonymous_969)
FNDA:0,(anonymous_970)
FNDA:0,(anonymous_971)
FNDA:0,(anonymous_972)
FNDA:0,(anonymous_973)
FNDA:0,(anonymous_974)
FNDA:0,(anonymous_975)
FNDA:0,(anonymous_976)
FNDA:0,(anonymous_977)
FNDA:0,(anonymous_978)
FNDA:0,(anonymous_979)
FNDA:0,(anonymous_980)
FNDA:0,(anonymous_981)
FNDA:0,(anonymous_982)
FNDA:0,(anonymous_983)
FNDA:0,(anonymous_984)
FNDA:0,(anonymous_985)
FNDA:0,(anonymous_986)
FNDA:0,(anonymous_987)
FNDA:0,(anonymous_988)
FNDA:0,(anonymous_989)
FNDA:0,(anonymous_990)
FNDA:0,(anonymous_991)
FNDA:0,(anonymous_992)
FNDA:0,(anonymous_993)
FNDA:0,(anonymous_994)
FNDA:0,(anonymous_995)
FNDA:0,(anonymous_996)
FNDA:0,(anonymous_997)
FNDA:0,(anonymous_998)
FNDA:0,(anonymous_999)
FNDA:0,(anonymous_1000)
FNDA:0,(anonymous_1001)
FNDA:0,(anonymous_1002)
FNDA:0,(anonymous_1003)
FNDA:0,(anonymous_1004)
FNDA:0,(anonymous_1005)
FNDA:0,(anonymous_1006)
FNDA:0,(anonymous_1007)
FNDA:0,(anonymous_1008)
FNDA:0,(anonymous_1009)
FNDA:0,(anonymous_1010)
FNDA:0,(anonymous_1011)
FNDA:0,(anonymous_1012)
FNDA:0,(anonymous_1013)
FNDA:0,(anonymous_1014)
FNDA:0,(anonymous_1015)
FNDA:0,(anonymous_1016)
FNDA:0,se
FNDA:0,(anonymous_1018)
FNDA:0,(anonymous_1019)
FNDA:0,ie
FNDA:0,(anonymous_1021)
FNDA:0,ue
FNDA:0,(anonymous_1023)
FNDA:0,ce
FNDA:0,(anonymous_1025)
FNDA:0,de
FNDA:0,pe
FNDA:0,fe
FNDA:0,he
FNDA:0,(anonymous_1030)
FNDA:0,(anonymous_1031)
FNDA:0,(anonymous_1032)
FNDA:0,(anonymous_1033)
FNDA:0,(anonymous_1034)
FNDA:0,(anonymous_1035)
FNDA:0,(anonymous_1036)
FNDA:0,(anonymous_1037)
FNDA:0,(anonymous_1038)
FNDA:0,Se
FNDA:0,(anonymous_1041)
DA:8,0
DA:12,0
DA:13,0
DA:16,0
DA:18,0
DA:21,0
DA:23,0
DA:26,0
DA:28,0
DA:31,0
DA:33,0
DA:36,0
DA:38,0
DA:41,0
DA:43,0
DA:46,0
DA:47,0
DA:50,0
DA:51,0
DA:68,0
DA:70,0
DA:78,0
DA:79,0
DA:83,0
DA:89,0
DA:92,0
DA:94,0
DA:97,0
DA:99,0
DA:102,0
DA:104,0
DA:107,0
DA:109,0
DA:112,0
DA:114,0
DA:117,0
DA:120,0
DA:121,0
DA:123,0
DA:125,0
DA:130,0
DA:131,0
DA:133,0
DA:134,0
DA:150,0
DA:152,0
DA:155,0
DA:157,0
DA:160,0
DA:162,0
DA:165,0
DA:167,0
DA:171,0
DA:172,0
DA:173,0
DA:174,0
DA:177,0
DA:180,0
DA:181,0
DA:185,0
DA:187,0
DA:190,0
DA:192,0
DA:195,0
DA:197,0
DA:200,0
DA:204,0
DA:205,0
DA:206,0
DA:207,0
DA:208,0
DA:209,0
DA:210,0
DA:213,0
DA:219,0
DA:226,0
DA:229,0
DA:230,0
DA:234,0
DA:235,0
DA:236,0
DA:239,0
DA:242,0
DA:243,0
DA:244,0
DA:245,0
DA:246,0
DA:247,0
DA:249,0
DA:254,0
DA:255,0
DA:256,0
DA:258,0
DA:260,0
DA:261,0
DA:265,0
DA:266,0
DA:268,0
DA:272,0
DA:274,0
DA:277,0
DA:279,0
DA:282,0
DA:284,0
DA:287,0
DA:288,0
DA:291,0
DA:292,0
DA:295,0
DA:296,0
DA:299,0
DA:304,0
DA:305,0
DA:306,0
DA:308,0
DA:309,0
DA:310,0
DA:311,0
DA:317,0
DA:320,0
DA:321,0
DA:322,0
DA:326,0
DA:327,0
DA:328,0
DA:329,0
DA:332,0
DA:333,0
DA:334,0
DA:336,0
DA:337,0
DA:340,0
DA:347,0
DA:348,0
DA:349,0
DA:350,0
DA:354,0
DA:357,0
DA:358,0
DA:364,0
DA:365,0
DA:366,0
DA:367,0
DA:368,0
DA:373,0
DA:374,0
DA:375,0
DA:380,0
DA:381,0
DA:382,0
DA:388,0
DA:389,0
DA:390,0
DA:391,0
DA:393,0
DA:396,0
DA:402,0
DA:410,0
DA:412,0
DA:414,0
DA:416,0
DA:419,0
DA:420,0
DA:422,0
DA:428,0
DA:430,0
DA:431,0
DA:433,0
DA:435,0
DA:438,0
DA:440,0
DA:441,0
DA:442,0
DA:444,0
DA:449,0
DA:451,0
DA:452,0
DA:454,0
DA:456,0
DA:459,0
DA:461,0
DA:462,0
DA:463,0
DA:465,0
DA:468,0
DA:469,0
DA:471,0
DA:473,0
DA:476,0
DA:477,0
DA:480,0
DA:481,0
DA:482,0
DA:483,0
DA:486,0
DA:487,0
DA:488,0
DA:492,0
DA:495,0
DA:496,0
DA:499,0
DA:500,0
DA:504,0
DA:505,0
DA:512,0
DA:513,0
DA:514,0
DA:515,0
DA:521,0
DA:522,0
DA:523,0
DA:525,0
DA:526,0
DA:528,0
DA:530,0
DA:531,0
DA:532,0
DA:537,0
DA:538,0
LF:219
LH:0
BRDA:13,0,0,0
BRDA:13,0,1,0
BRDA:28,1,0,0
BRDA:28,1,1,0
BRDA:33,2,0,0
BRDA:33,2,1,0
BRDA:51,3,0,0
BRDA:51,3,1,0
BRDA:51,4,0,0
BRDA:51,4,1,0
BRDA:52,5,0,0
BRDA:52,5,1,0
BRDA:94,6,0,0
BRDA:94,6,1,0
BRDA:99,7,0,0
BRDA:99,7,1,0
BRDA:104,8,0,0
BRDA:104,8,1,0
BRDA:120,9,0,0
BRDA:120,9,1,0
BRDA:120,10,0,0
BRDA:120,10,1,0
BRDA:125,11,0,0
BRDA:125,11,1,0
BRDA:125,12,0,0
BRDA:125,12,1,0
BRDA:130,13,0,0
BRDA:130,13,1,0
BRDA:130,14,0,0
BRDA:130,14,1,0
BRDA:133,15,0,0
BRDA:133,15,1,0
BRDA:174,16,0,0
BRDA:174,16,1,0
BRDA:174,16,2,0
BRDA:181,17,0,0
BRDA:181,17,1,0
BRDA:206,18,0,0
BRDA:206,18,1,0
BRDA:207,19,0,0
BRDA:207,19,1,0
BRDA:209,20,0,0
BRDA:209,20,1,0
BRDA:212,21,0,0
BRDA:212,21,1,0
BRDA:230,22,0,0
BRDA:230,22,1,0
BRDA:235,23,0,0
BRDA:235,23,1,0
BRDA:245,24,0,0
BRDA:245,24,1,0
BRDA:260,25,0,0
BRDA:260,25,1,0
BRDA:261,26,0,0
BRDA:261,26,1,0
BRDA:265,27,0,0
BRDA:265,27,1,0
BRDA:266,28,0,0
BRDA:266,28,1,0
BRDA:317,29,0,0
BRDA:317,29,1,0
BRDA:328,30,0,0
BRDA:328,30,1,0
BRDA:347,31,0,0
BRDA:347,31,1,0
BRDA:349,32,0,0
BRDA:349,32,1,0
BRDA:350,33,0,0
BRDA:350,33,1,0
BRDA:350,33,2,0
BRDA:358,34,0,0
BRDA:358,34,1,0
BRDA:358,34,2,0
BRDA:364,35,0,0
BRDA:364,35,1,0
BRDA:367,36,0,0
BRDA:367,36,1,0
BRDA:367,37,0,0
BRDA:367,37,1,0
BRDA:373,38,0,0
BRDA:373,38,1,0
BRDA:373,39,0,0
BRDA:373,39,1,0
BRDA:374,40,0,0
BRDA:374,40,1,0
BRDA:375,41,0,0
BRDA:375,41,1,0
BRDA:380,42,0,0
BRDA:380,42,1,0
BRDA:380,43,0,0
BRDA:380,43,1,0
BRDA:381,44,0,0
BRDA:381,44,1,0
BRDA:382,45,0,0
BRDA:382,45,1,0
BRDA:388,46,0,0
BRDA:388,46,1,0
BRDA:393,47,0,0
BRDA:393,47,1,0
BRDA:396,48,0,0
BRDA:396,48,1,0
BRDA:397,49,0,0
BRDA:397,49,1,0
BRDA:398,50,0,0
BRDA:398,50,1,0
BRDA:410,51,0,0
BRDA:410,51,1,0
BRDA:414,52,0,0
BRDA:414,52,1,0
BRDA:422,53,0,0
BRDA:422,53,1,0
BRDA:422,53,2,0
BRDA:428,54,0,0
BRDA:428,54,1,0
BRDA:433,55,0,0
BRDA:433,55,1,0
BRDA:444,56,0,0
BRDA:444,56,1,0
BRDA:444,56,2,0
BRDA:449,57,0,0
BRDA:449,57,1,0
BRDA:454,58,0,0
BRDA:454,58,1,0
BRDA:465,59,0,0
BRDA:465,59,1,0
BRDA:465,59,2,0
BRDA:471,60,0,0
BRDA:471,60,1,0
BRDA:473,61,0,0
BRDA:473,61,1,0
BRDA:473,61,2,0
BRDA:473,61,3,0
BRDA:481,62,0,0
BRDA:481,62,1,0
BRDA:487,63,0,0
BRDA:487,63,1,0
BRDA:487,63,2,0
BRDA:505,64,0,0
BRDA:505,64,1,0
BRDA:508,65,0,0
BRDA:508,65,1,0
BRDA:513,66,0,0
BRDA:513,66,1,0
BRDA:522,67,0,0
BRDA:522,67,1,0
BRDA:522,68,0,0
BRDA:522,68,1,0
BRDA:522,68,2,0
BRDA:526,69,0,0
BRDA:526,69,1,0
BRDA:526,70,0,0
BRDA:526,70,1,0
BRDA:526,70,2,0
BRDA:537,71,0,0
BRDA:537,71,1,0
BRDA:125,72,0,0
BRDA:125,72,1,0
BRDA:125,73,0,0
BRDA:125,73,1,0
BRDA:134,74,0,0
BRDA:134,74,1,0
BRDA:230,75,0,0
BRDA:230,75,1,0
BRDA:245,76,0,0
BRDA:245,76,1,0
BRDA:266,77,0,0
BRDA:266,77,1,0
BRDA:349,78,0,0
BRDA:349,78,1,0
BRDA:487,79,0,0
BRDA:487,79,1,0
BRDA:487,79,2,0
BRF:172
BRH:0
end_of_record
TN:
SF:dist/webpack:/swagger-ui/src/core/plugins/spec/wrap-actions.js
FN:3,(anonymous_1045)
FN:3,(anonymous_1046)
FN:8,(anonymous_1047)
FN:8,(anonymous_1048)
FN:18,(anonymous_1049)
FN:31,(anonymous_1050)
FN:31,(anonymous_1051)
FN:36,(anonymous_1052)
FN:36,(anonymous_1053)
FN:38,(anonymous_1055)
FNF:10
FNH:0
FNDA:0,(anonymous_1045)
FNDA:0,(anonymous_1046)
FNDA:0,(anonymous_1047)
FNDA:0,(anonymous_1048)
FNDA:0,(anonymous_1049)
FNDA:0,(anonymous_1050)
FNDA:0,(anonymous_1051)
FNDA:0,(anonymous_1052)
FNDA:0,(anonymous_1053)
FNDA:0,(anonymous_1055)
DA:3,0
DA:4,0
DA:8,0
DA:9,0
DA:14,0
DA:15,0
DA:16,0
DA:18,0
DA:19,0
DA:31,0
DA:32,0
DA:36,0
DA:37,0
DA:38,0
LF:14
LH:0
BRDA:15,0,0,0
BRDA:15,0,1,0
BRDA:18,1,0,0
BRDA:18,1,1,0
BRDA:15,2,0,0
BRDA:15,2,1,0
BRDA:19,3,0,0
BRDA:19,3,1,0
BRF:8
BRH:0
end_of_record
TN:
SF:dist/webpack:/swagger-ui/src/core/plugins/swagger-js/configs-wrap-actions.js
FN:1,(anonymous_1056)
FN:1,(anonymous_1057)
FN:8,(anonymous_1059)
FNF:3
FNH:0
FNDA:0,(anonymous_1056)
FNDA:0,(anonymous_1057)
FNDA:0,(anonymous_1059)
DA:1,0
DA:2,0
DA:3,0
DA:8,0
LF:4
LH:0
BRDA:3,0,0,0
BRDA:3,0,1,0
BRDA:6,1,0,0
BRDA:6,1,1,0
BRF:4
BRH:0
end_of_record
TN:
SF:dist/webpack:/swagger-ui/src/core/plugins/swagger-js/index.js
FN:8,u
FN:15,(anonymous_1072)
FN:39,(anonymous_1074)
FNF:3
FNH:0
FNDA:0,u
FNDA:0,(anonymous_1072)
FNDA:0,(anonymous_1074)
DA:8,0
DA:9,0
DA:15,0
DA:16,0
DA:17,0
DA:18,0
DA:24,0
DA:26,0
DA:39,0
LF:9
LH:0
BRDA:16,0,0,0
BRDA:16,0,1,0
BRDA:15,1,0,0
BRDA:15,1,1,0
BRF:4
BRH:0
end_of_record
TN:
SF:dist/webpack:/swagger-ui/src/core/plugins/util/index.js
FN:3,n
FN:7,(anonymous_1077)
FNF:2
FNH:0
FNDA:0,n
FNDA:0,(anonymous_1077)
DA:4,0
DA:7,0
LF:2
LH:0
BRF:0
BRH:0
end_of_record
TN:
SF:dist/webpack:/swagger-ui/src/core/plugins/view/fn.js
FN:1,(anonymous_1078)
FN:1,(anonymous_1080)
FNF:2
FNH:0
FNDA:0,(anonymous_1078)
FNDA:0,(anonymous_1080)
DA:1,0
LF:1
LH:0
BRDA:1,0,0,0
BRDA:1,0,1,0
BRDA:1,0,2,0
BRF:3
BRH:0
end_of_record
TN:
SF:dist/webpack:/swagger-ui/src/core/plugins/view/index.js
FN:17,(anonymous_1081)
FN:8,(anonymous_1082)
FN:12,(anonymous_1083)
FN:13,(anonymous_1084)
FN:31,(anonymous_1086)
FNF:5
FNH:0
FNDA:0,(anonymous_1081)
FNDA:0,(anonymous_1082)
FNDA:0,(anonymous_1083)
FNDA:0,(anonymous_1084)
FNDA:0,(anonymous_1086)
DA:7,0
DA:8,0
DA:12,0
DA:13,0
DA:17,0
DA:22,0
DA:31,0
LF:7
LH:0
BRF:0
BRH:0
end_of_record
TN:
SF:dist/webpack:/swagger-ui/src/core/presets/apis.js
FN:6,Ur
FNF:1
FNH:0
FNDA:0,Ur
DA:8,0
DA:12,0
LF:2
LH:0
BRF:0
BRH:0
end_of_record
TN:
SF:dist/webpack:/swagger-ui/src/core/presets/base.js
FN:96,Br
FNF:1
FNH:0
FNDA:0,Br
DA:98,0
DA:173,0
DA:177,0
DA:181,0
LF:4
LH:0
BRF:0
BRH:0
end_of_record
TN:
SF:dist/webpack:/swagger-ui/src/core/utils/jsonParse.js
FN:11,a
FN:1,(anonymous_1289)
FN:15,(anonymous_1290)
FNF:3
FNH:0
FNDA:0,a
FNDA:0,(anonymous_1289)
FNDA:0,(anonymous_1290)
DA:2,0
DA:4,0
DA:7,0
DA:14,0
DA:15,0
LF:5
LH:0
BRDA:1,0,0,0
BRDA:1,0,1,0
BRF:2
BRH:0
end_of_record
TN:
SF:dist/webpack:/swagger-ui/src/core/utils/url.js
FN:1,xe
FN:11,Ae
FN:18,Ie
FN:33,Re
FNF:4
FNH:0
FNDA:0,xe
FNDA:0,Ae
FNDA:0,Ie
FNDA:0,Re
DA:2,0
DA:12,0
DA:18,0
DA:19,0
DA:20,0
DA:22,0
DA:23,0
DA:33,0
DA:34,0
DA:35,0
DA:37,0
LF:11
LH:0
BRDA:12,0,0,0
BRDA:12,0,1,0
BRDA:13,1,0,0
BRDA:13,1,1,0
BRDA:13,2,0,0
BRDA:13,2,1,0
BRDA:18,3,0,0
BRDA:18,4,0,0
BRDA:18,4,1,0
BRDA:18,5,0,0
BRDA:18,5,1,0
BRDA:19,6,0,0
BRDA:19,6,1,0
BRDA:20,7,0,0
BRDA:20,7,1,0
BRDA:23,8,0,0
BRDA:23,8,1,0
BRDA:33,9,0,0
BRDA:33,10,0,0
BRDA:33,10,1,0
BRDA:33,11,0,0
BRDA:33,11,1,0
BRF:22
BRH:0
end_of_record
TN:
SF:dist/webpack:/swagger-ui/src/helpers/create-html-ready-id.js
FN:8,(anonymous_2374)
FNF:1
FNH:0
FNDA:0,(anonymous_2374)
DA:8,0
DA:9,0
LF:2
LH:0
BRDA:8,0,0,0
BRDA:8,0,1,0
BRDA:8,1,0,0
BRDA:8,1,1,0
BRF:4
BRH:0
end_of_record
TN:
SF:dist/webpack:/swagger-ui/src/helpers/get-parameter-schema.js
FN:46,o
FN:64,(anonymous_1300)
FN:92,(anonymous_1302)
FNF:3
FNH:0
FNDA:0,o
FNDA:0,(anonymous_1300)
FNDA:0,(anonymous_1302)
DA:7,0
DA:46,0
DA:48,0
DA:49,0
DA:55,0
DA:57,0
DA:64,0
DA:72,0
DA:73,0
DA:79,0
DA:88,0
DA:92,0
LF:12
LH:0
BRDA:46,0,0,0
BRDA:46,0,1,0
BRDA:46,1,0,0
BRDA:46,1,1,0
BRDA:48,2,0,0
BRDA:48,2,1,0
BRDA:55,3,0,0
BRDA:55,3,1,0
BRDA:57,4,0,0
BRDA:57,4,1,0
BRDA:72,5,0,0
BRDA:72,5,1,0
BRDA:89,6,0,0
BRDA:89,6,1,0
BRF:14
BRH:0
end_of_record
TN:
SF:dist/webpack:/swagger-ui/src/helpers/memoizeN.js
FN:10,(anonymous_1305)
FN:10,(anonymous_1306)
FN:13,(anonymous_1307)
FN:16,(anonymous_1308)
FN:19,(anonymous_1309)
FN:25,(anonymous_1310)
FN:31,(anonymous_1311)
FN:37,(anonymous_1312)
FNF:8
FNH:0
FNDA:0,(anonymous_1305)
FNDA:0,(anonymous_1306)
FNDA:0,(anonymous_1307)
FNDA:0,(anonymous_1308)
FNDA:0,(anonymous_1309)
FNDA:0,(anonymous_1310)
FNDA:0,(anonymous_1311)
FNDA:0,(anonymous_1312)
DA:10,0
DA:11,0
DA:13,0
DA:16,0
DA:20,0
DA:21,0
DA:22,0
DA:26,0
DA:27,0
DA:28,0
DA:32,0
DA:33,0
DA:37,0
DA:38,0
DA:39,0
DA:41,0
DA:45,0
LF:17
LH:0
BRDA:10,0,0,0
BRDA:10,0,1,0
BRDA:10,0,2,0
BRDA:10,0,3,0
BRDA:37,1,0,0
BRDA:37,1,1,0
BRDA:37,2,0,0
BRDA:37,2,1,0
BRDA:11,3,0,0
BRDA:11,3,1,0
BRDA:11,3,2,0
BRDA:11,3,3,0
BRF:12
BRH:0
end_of_record
TN:
SF:middleware/auth.js
FN:6,(anonymous_0)
FNF:1
FNH:1
FNDA:13,(anonymous_0)
DA:1,1
DA:2,1
DA:4,1
DA:6,1
DA:7,13
DA:9,13
DA:11,13
DA:12,13
DA:13,13
DA:15,13
DA:17,13
DA:18,13
DA:20,0
DA:24,1
LF:14
LH:13
BRDA:9,0,0,0
BRDA:9,0,1,13
BRDA:15,1,0,0
BRDA:15,1,1,13
BRF:4
BRH:2
end_of_record
TN:
SF:middleware/cAuth.js
FN:6,(anonymous_0)
FNF:1
FNH:1
FNDA:2,(anonymous_0)
DA:1,1
DA:2,1
DA:4,1
DA:6,1
DA:7,2
DA:9,2
DA:11,2
DA:12,2
DA:13,2
DA:15,2
DA:17,2
DA:18,2
DA:20,0
DA:24,1
LF:14
LH:13
BRDA:9,0,0,0
BRDA:9,0,1,2
BRDA:15,1,0,0
BRDA:15,1,1,2
BRF:4
BRH:2
end_of_record
TN:
SF:middleware/validator.js
FN:3,(anonymous_0)
FN:3,(anonymous_1)
FNF:2
FNH:2
FNDA:6,(anonymous_0)
FNDA:24,(anonymous_1)
DA:1,1
DA:3,24
DA:5,1
DA:12,1
DA:14,1
DA:19,1
DA:21,1
DA:27,1
DA:29,1
DA:35,1
DA:37,1
DA:41,1
DA:43,1
DA:47,1
LF:14
LH:14
BRF:0
BRH:0
end_of_record
TN:
SF:models/adminModel.js
FNF:0
FNH:0
DA:1,1
DA:3,1
DA:11,1
LF:3
LH:3
BRF:0
BRH:0
end_of_record
TN:
SF:models/articleModel.js
FNF:0
FNH:0
DA:1,1
DA:3,1
DA:12,1
LF:3
LH:3
BRF:0
BRH:0
end_of_record
TN:
SF:models/commentModel.js
FNF:0
FNH:0
DA:1,1
DA:3,1
DA:9,1
LF:3
LH:3
BRF:0
BRH:0
end_of_record
TN:
SF:models/likeModel.js
FNF:0
FNH:0
DA:1,1
DA:3,1
DA:9,1
LF:3
LH:3
BRF:0
BRH:0
end_of_record
TN:
SF:models/queryModel.js
FNF:0
FNH:0
DA:1,1
DA:3,1
DA:9,1
LF:3
LH:3
BRF:0
BRH:0
end_of_record
TN:
SF:models/userModel.js
FNF:0
FNH:0
DA:1,1
DA:3,1
DA:11,1
LF:3
LH:3
BRF:0
BRH:0
end_of_record
